2025-08-16 16:49:57,241 - INFO - CSV 파일 검사 시작
2025-08-16 16:49:57,246 - INFO - ✅ 'buy_log.csv' 파일이 정상입니다.
2025-08-16 16:49:57,248 - INFO - ✅ 'sell_log.csv' 파일이 정상입니다.
2025-08-16 16:49:57,250 - INFO - ✅ 'setting.csv' 파일이 정상입니다.
2025-08-16 16:49:57,250 - INFO - 자동 매매 프로그램을 시작합니다.
2025-08-16 16:49:57,516 - INFO - 프로그램을 수동으로 종료합니다.
2025-08-16 16:49:58,495 - INFO - ✅ 텔레그램 메시지 전송 성공: ⚠️ *[봇 상태]* 종료
사용자에 의해 프로그램이 중지되었습니다....
2025-08-16 16:51:13,563 - INFO - CSV 파일 검사 시작
2025-08-16 16:51:13,567 - INFO - ✅ 'buy_log.csv' 파일이 정상입니다.
2025-08-16 16:51:13,568 - INFO - ✅ 'sell_log.csv' 파일이 정상입니다.
2025-08-16 16:51:13,570 - INFO - ✅ 'setting.csv' 파일이 정상입니다.
2025-08-16 16:51:13,570 - INFO - 자동 매매 프로그램을 시작합니다.
2025-08-16 16:51:14,607 - INFO - ✅ 텔레그램 메시지 전송 성공: ✅ *[봇 상태]* 시작
자동 매매 프로그램이 실행되었습니다....
2025-08-16 16:51:14,607 - INFO - ==================== 새로운 사이클 시작 ====================
2025-08-16 16:51:14,609 - INFO - [common_utils.py] 현재 보유 자산 조회 중...
2025-08-16 16:51:14,609 - INFO - 💰 바이낸스 선물 계좌 정보 조회 시도 중...
2025-08-16 16:51:14,609 - INFO - 🌐 바이낸스 실거래 인증 클라이언트에 연결 시도 중...
2025-08-16 16:51:14,666 - INFO - ✅ 바이낸스 인증된 클라이언트 연결 성공!
2025-08-16 16:51:14,711 - INFO - ✅ 포지션 모드가 이미 헷지 모드(Dual-Side)입니다.
2025-08-16 16:51:14,758 - INFO - ✅ USDT 사용 가능 잔고: 6565.33 USDT
2025-08-16 16:51:14,804 - INFO - ✅ 현재 보유 중인 선물 포지션 수: 8개
2025-08-16 16:51:14,804 - INFO - [common_utils.py] get_accounts에서 조회된 포지션 수: 8개
2025-08-16 16:51:14,804 - INFO - 🌐 바이낸스 실거래 공용 클라이언트에 연결 시도 중...
2025-08-16 16:51:14,876 - INFO - ✅ 바이낸스 공용 클라이언트 연결 성공!
2025-08-16 16:51:14,967 - INFO - ✅ TRXUSDT 포지션이 보유 코인 목록에 추가되었습니다. (수량: 2242.000000, 가치: 793.40USDT)
2025-08-16 16:51:15,064 - INFO - ✅ SOLUSDT 포지션이 보유 코인 목록에 추가되었습니다. (수량: 16.460000, 가치: 3117.52USDT)
2025-08-16 16:51:15,158 - INFO - ✅ ETHUSDT 포지션이 보유 코인 목록에 추가되었습니다. (수량: 0.356000, 가치: 1588.51USDT)
2025-08-16 16:51:15,251 - INFO - ✅ SUIUSDT 포지션이 보유 코인 목록에 추가되었습니다. (수량: 830.700000, 가치: 3097.02USDT)
2025-08-16 16:51:15,348 - INFO - ✅ BNBUSDT 포지션이 보유 코인 목록에 추가되었습니다. (수량: 1.920000, 가치: 1606.54USDT)
2025-08-16 16:51:15,511 - INFO - ✅ DOGEUSDT 포지션이 보유 코인 목록에 추가되었습니다. (수량: 3415.000000, 가치: 797.44USDT)
2025-08-16 16:51:15,667 - INFO - ✅ XRPUSDT 포지션이 보유 코인 목록에 추가되었습니다. (수량: 756.000000, 가치: 2360.31USDT)
2025-08-16 16:51:15,828 - INFO - ✅ ADAUSDT 포지션이 보유 코인 목록에 추가되었습니다. (수량: 829.000000, 가치: 799.57USDT)
2025-08-16 16:51:15,828 - INFO - [common_utils.py] 최종 보유 중인 코인 수: 8개
2025-08-16 16:51:15,833 - INFO - ⚙️ 실제 보유 현황과 로그 파일의 동기화를 시작합니다...
2025-08-16 16:51:15,833 - INFO - ✅ 모든 보유 코인이 로그 파일과 동기화되어 있습니다.
2025-08-16 16:51:16,793 - INFO - [sell_entry.py] 카지노 매매 전략 - 매도 로직 시작 (선주문 방식)
2025-08-16 16:51:16,794 - INFO - [sell_entry.py] setting.csv 불러오는 중
2025-08-16 16:51:16,795 - INFO - [common_utils.py] 현재 보유 자산 조회 중...
2025-08-16 16:51:16,795 - INFO - 💰 바이낸스 선물 계좌 정보 조회 시도 중...
2025-08-16 16:51:16,837 - INFO - ✅ USDT 사용 가능 잔고: 6565.02 USDT
2025-08-16 16:51:16,886 - INFO - ✅ 현재 보유 중인 선물 포지션 수: 8개
2025-08-16 16:51:16,886 - INFO - [common_utils.py] get_accounts에서 조회된 포지션 수: 8개
2025-08-16 16:51:17,042 - INFO - ✅ TRXUSDT 포지션이 보유 코인 목록에 추가되었습니다. (수량: 2242.000000, 가치: 793.40USDT)
2025-08-16 16:51:17,137 - INFO - ✅ SOLUSDT 포지션이 보유 코인 목록에 추가되었습니다. (수량: 16.460000, 가치: 3117.36USDT)
2025-08-16 16:51:17,228 - INFO - ✅ ETHUSDT 포지션이 보유 코인 목록에 추가되었습니다. (수량: 0.356000, 가치: 1588.51USDT)
2025-08-16 16:51:17,321 - INFO - ✅ SUIUSDT 포지션이 보유 코인 목록에 추가되었습니다. (수량: 830.700000, 가치: 3097.02USDT)
2025-08-16 16:51:17,415 - INFO - ✅ BNBUSDT 포지션이 보유 코인 목록에 추가되었습니다. (수량: 1.920000, 가치: 1606.54USDT)
2025-08-16 16:51:17,508 - INFO - ✅ DOGEUSDT 포지션이 보유 코인 목록에 추가되었습니다. (수량: 3415.000000, 가치: 797.40USDT)
2025-08-16 16:51:17,598 - INFO - ✅ XRPUSDT 포지션이 보유 코인 목록에 추가되었습니다. (수량: 756.000000, 가치: 2360.31USDT)
2025-08-16 16:51:17,690 - INFO - ✅ ADAUSDT 포지션이 보유 코인 목록에 추가되었습니다. (수량: 829.000000, 가치: 799.57USDT)
2025-08-16 16:51:17,690 - INFO - [common_utils.py] 최종 보유 중인 코인 수: 8개
2025-08-16 16:51:17,699 - INFO - 🧹 보유하지 않는 코인의 매도 기록을 sell_log.csv에서 정리합니다: [np.float64(0.23204), np.float64(0.23376), np.float64(0.36087), np.float64(3.869021564832), np.float64(3.176360481429), np.float64(856.37), np.float64(4640.26), np.float64(198.8921178821), np.float64(0.23566), np.float64(0.9745)]
2025-08-16 16:51:17,702 - INFO - [sell_entry.py] sell_log.csv 주문 상태 확인 및 정리 중...
2025-08-16 16:51:17,703 - INFO - [sell_entry.py] 확인할 매도 주문이 없습니다.
2025-08-16 16:51:17,707 - INFO - 🆕 신규/정정 매도 주문 8건 생성됨. 주문 실행을 시작합니다.
2025-08-16 16:51:17,709 - INFO - --- 💲 지정가 매도 주문 실행 시작 (선주문 방식) ---
2025-08-16 16:51:17,710 - INFO - 🌐 바이낸스 거래소 규칙 정보 로드 중 (최초 1회 실행).
2025-08-16 16:51:17,773 - INFO - ✅ 바이낸스 거래소 규칙 정보 로드 완료.
2025-08-16 16:51:17,816 - INFO - 🧹 [TRXUSDT] 모든 미체결 주문을 취소했습니다. (새 주문 준비)
2025-08-16 16:51:18,017 - INFO - 🆕 [TRXUSDT] 신규/정정 매도 주문 시도 (가격: 0.35914, 수량: 2242.0)
2025-08-16 16:51:18,017 - INFO - DEBUG: 최종 API 전송 파라미터: {'symbol': 'TRXUSDT', 'side': 'SELL', 'positionSide': 'LONG', 'type': 'LIMIT', 'newClientOrderId': 'A_ef28326a4cb4487ca6f738236740e007', 'quantity': 2242.0, 'price': 0.35914, 'timeInForce': 'GTC'}
2025-08-16 16:51:18,060 - INFO - ✅ [TRXUSDT] 매도 주문 제출 완료. 새 UUID: 15863267593, 상태: 'wait'
2025-08-16 16:51:19,016 - INFO - ✅ 텔레그램 메시지 전송 성공: 📝 *[주문 제출]* `TRXUSDT`
수량: `2242.0000`개, 가격: `0.359...
2025-08-16 16:51:19,060 - INFO - 🧹 [SOLUSDT] 모든 미체결 주문을 취소했습니다. (새 주문 준비)
2025-08-16 16:51:19,261 - INFO - 🆕 [SOLUSDT] 신규/정정 매도 주문 시도 (가격: 195.22, 수량: 16.46)
2025-08-16 16:51:19,262 - INFO - DEBUG: 최종 API 전송 파라미터: {'symbol': 'SOLUSDT', 'side': 'SELL', 'positionSide': 'LONG', 'type': 'LIMIT', 'newClientOrderId': 'A_5c70d89045ab48eab4c9b01797bfbebf', 'quantity': 16.46, 'price': 195.22, 'timeInForce': 'GTC'}
2025-08-16 16:51:19,308 - INFO - ✅ [SOLUSDT] 매도 주문 제출 완료. 새 UUID: 136987698330, 상태: 'wait'
2025-08-16 16:51:20,294 - INFO - ✅ 텔레그램 메시지 전송 성공: 📝 *[주문 제출]* `SOLUSDT`
수량: `16.4600`개, 가격: `195.220...
2025-08-16 16:51:20,352 - INFO - 🧹 [ETHUSDT] 모든 미체결 주문을 취소했습니다. (새 주문 준비)
2025-08-16 16:51:20,553 - INFO - 🆕 [ETHUSDT] 신규/정정 매도 주문 시도 (가격: 4521.36, 수량: 0.356)
2025-08-16 16:51:20,554 - INFO - DEBUG: 최종 API 전송 파라미터: {'symbol': 'ETHUSDT', 'side': 'SELL', 'positionSide': 'LONG', 'type': 'LIMIT', 'newClientOrderId': 'A_a450042cb9664c8d9e3162a6ed711bdd', 'quantity': 0.356, 'price': 4521.36, 'timeInForce': 'GTC'}
2025-08-16 16:51:20,599 - INFO - ✅ [ETHUSDT] 매도 주문 제출 완료. 새 UUID: 8389765939137083778, 상태: 'wait'
2025-08-16 16:51:21,582 - INFO - ✅ 텔레그램 메시지 전송 성공: 📝 *[주문 제출]* `ETHUSDT`
수량: `0.3560`개, 가격: `4521.360...
2025-08-16 16:51:21,624 - INFO - 🧹 [SUIUSDT] 모든 미체결 주문을 취소했습니다. (새 주문 준비)
2025-08-16 16:51:21,824 - INFO - 🆕 [SUIUSDT] 신규/정정 매도 주문 시도 (가격: 3.8766, 수량: 830.7)
2025-08-16 16:51:21,825 - INFO - DEBUG: 최종 API 전송 파라미터: {'symbol': 'SUIUSDT', 'side': 'SELL', 'positionSide': 'LONG', 'type': 'LIMIT', 'newClientOrderId': 'A_cc87d97e23a840f98d93cf74afc9a9fd', 'quantity': 830.7, 'price': 3.8766, 'timeInForce': 'GTC'}
2025-08-16 16:51:21,868 - INFO - ✅ [SUIUSDT] 매도 주문 제출 완료. 새 UUID: 30730719036, 상태: 'wait'
2025-08-16 16:51:22,821 - INFO - ✅ 텔레그램 메시지 전송 성공: 📝 *[주문 제출]* `SUIUSDT`
수량: `830.7000`개, 가격: `3.8766...
2025-08-16 16:51:22,863 - INFO - 🧹 [BNBUSDT] 모든 미체결 주문을 취소했습니다. (새 주문 준비)
2025-08-16 16:51:23,064 - INFO - 🆕 [BNBUSDT] 신규/정정 매도 주문 시도 (가격: 838.76, 수량: 1.92)
2025-08-16 16:51:23,064 - INFO - DEBUG: 최종 API 전송 파라미터: {'symbol': 'BNBUSDT', 'side': 'SELL', 'positionSide': 'LONG', 'type': 'LIMIT', 'newClientOrderId': 'A_8419044d1693483b802b6ce899ce4f71', 'quantity': 1.92, 'price': 838.76, 'timeInForce': 'GTC'}
2025-08-16 16:51:23,107 - INFO - ✅ [BNBUSDT] 매도 주문 제출 완료. 새 UUID: 74357997233, 상태: 'wait'
2025-08-16 16:51:24,101 - INFO - ✅ 텔레그램 메시지 전송 성공: 📝 *[주문 제출]* `BNBUSDT`
수량: `1.9200`개, 가격: `838.7600...
2025-08-16 16:51:24,147 - INFO - 🧹 [DOGEUSDT] 모든 미체결 주문을 취소했습니다. (새 주문 준비)
2025-08-16 16:51:24,348 - INFO - 🆕 [DOGEUSDT] 신규/정정 매도 주문 시도 (가격: 0.23587, 수량: 3415.0)
2025-08-16 16:51:24,348 - INFO - DEBUG: 최종 API 전송 파라미터: {'symbol': 'DOGEUSDT', 'side': 'SELL', 'positionSide': 'LONG', 'type': 'LIMIT', 'newClientOrderId': 'A_f2fa812a74154a2a9fa9b8eced731fb4', 'quantity': 3415.0, 'price': 0.23587, 'timeInForce': 'GTC'}
2025-08-16 16:51:24,392 - INFO - ✅ [DOGEUSDT] 매도 주문 제출 완료. 새 UUID: 79727018022, 상태: 'wait'
2025-08-16 16:51:25,350 - INFO - ✅ 텔레그램 메시지 전송 성공: 📝 *[주문 제출]* `DOGEUSDT`
수량: `3415.0000`개, 가격: `0.23...
2025-08-16 16:51:25,396 - INFO - 🧹 [XRPUSDT] 모든 미체결 주문을 취소했습니다. (새 주문 준비)
2025-08-16 16:51:25,597 - INFO - 🆕 [XRPUSDT] 신규/정정 매도 주문 시도 (가격: 3.1862, 수량: 756.0)
2025-08-16 16:51:25,597 - INFO - DEBUG: 최종 API 전송 파라미터: {'symbol': 'XRPUSDT', 'side': 'SELL', 'positionSide': 'LONG', 'type': 'LIMIT', 'newClientOrderId': 'A_86dd010b878948ab8e39c2cca23649bf', 'quantity': 756.0, 'price': 3.1862, 'timeInForce': 'GTC'}
2025-08-16 16:51:25,641 - INFO - ✅ [XRPUSDT] 매도 주문 제출 완료. 새 UUID: 116580486633, 상태: 'wait'
2025-08-16 16:51:26,617 - INFO - ✅ 텔레그램 메시지 전송 성공: 📝 *[주문 제출]* `XRPUSDT`
수량: `756.0000`개, 가격: `3.1862...
2025-08-16 16:51:26,661 - INFO - 🧹 [ADAUSDT] 모든 미체결 주문을 취소했습니다. (새 주문 준비)
2025-08-16 16:51:26,861 - INFO - 🆕 [ADAUSDT] 신규/정정 매도 주문 시도 (가격: 0.9727, 수량: 829.0)
2025-08-16 16:51:26,861 - INFO - DEBUG: 최종 API 전송 파라미터: {'symbol': 'ADAUSDT', 'side': 'SELL', 'positionSide': 'LONG', 'type': 'LIMIT', 'newClientOrderId': 'A_80ed138a810646afa2a9c988e0cd7620', 'quantity': 829.0, 'price': 0.9727, 'timeInForce': 'GTC'}
2025-08-16 16:51:26,907 - INFO - ✅ [ADAUSDT] 매도 주문 제출 완료. 새 UUID: 57085269483, 상태: 'wait'
2025-08-16 16:51:27,844 - INFO - ✅ 텔레그램 메시지 전송 성공: 📝 *[주문 제출]* `ADAUSDT`
수량: `829.0000`개, 가격: `0.9727...
2025-08-16 16:51:27,845 - INFO - --- 💲 지정가 매도 주문 실행 완료 ---
2025-08-16 16:51:27,847 - INFO - [sell_entry.py] 모든 주문 완료 → sell_log.csv 저장 완료
2025-08-16 16:51:27,847 - INFO - [sell_entry.py] 매도 전략 흐름 종료
2025-08-16 16:51:27,847 - INFO - ==================== 사이클 종료, 5초 대기 ====================

2025-08-16 16:51:32,848 - INFO - ==================== 새로운 사이클 시작 ====================
2025-08-16 16:51:32,850 - INFO - [common_utils.py] 현재 보유 자산 조회 중...
2025-08-16 16:51:32,850 - INFO - 💰 바이낸스 선물 계좌 정보 조회 시도 중...
2025-08-16 16:51:32,895 - INFO - ✅ USDT 사용 가능 잔고: 6561.26 USDT
2025-08-16 16:51:32,941 - INFO - ✅ 현재 보유 중인 선물 포지션 수: 8개
2025-08-16 16:51:32,941 - INFO - [common_utils.py] get_accounts에서 조회된 포지션 수: 8개
2025-08-16 16:51:33,038 - INFO - ✅ TRXUSDT 포지션이 보유 코인 목록에 추가되었습니다. (수량: 2242.000000, 가치: 793.24USDT)
2025-08-16 16:51:33,134 - INFO - ✅ SOLUSDT 포지션이 보유 코인 목록에 추가되었습니다. (수량: 16.460000, 가치: 3115.88USDT)
2025-08-16 16:51:33,229 - INFO - ✅ ETHUSDT 포지션이 보유 코인 목록에 추가되었습니다. (수량: 0.356000, 가치: 1588.17USDT)
2025-08-16 16:51:33,326 - INFO - ✅ SUIUSDT 포지션이 보유 코인 목록에 추가되었습니다. (수량: 830.700000, 가치: 3096.43USDT)
2025-08-16 16:51:33,422 - INFO - ✅ BNBUSDT 포지션이 보유 코인 목록에 추가되었습니다. (수량: 1.920000, 가치: 1606.35USDT)
2025-08-16 16:51:33,524 - INFO - ✅ DOGEUSDT 포지션이 보유 코인 목록에 추가되었습니다. (수량: 3415.000000, 가치: 797.27USDT)
2025-08-16 16:51:33,617 - INFO - ✅ XRPUSDT 포지션이 보유 코인 목록에 추가되었습니다. (수량: 756.000000, 가치: 2360.01USDT)
2025-08-16 16:51:33,709 - INFO - ✅ ADAUSDT 포지션이 보유 코인 목록에 추가되었습니다. (수량: 829.000000, 가치: 799.16USDT)
2025-08-16 16:51:33,709 - INFO - [common_utils.py] 최종 보유 중인 코인 수: 8개
2025-08-16 16:51:33,713 - INFO - ⚙️ 실제 보유 현황과 로그 파일의 동기화를 시작합니다...
2025-08-16 16:51:33,713 - INFO - ✅ 모든 보유 코인이 로그 파일과 동기화되어 있습니다.
2025-08-16 16:51:34,472 - INFO - [sell_entry.py] 카지노 매매 전략 - 매도 로직 시작 (선주문 방식)
2025-08-16 16:51:34,472 - INFO - [sell_entry.py] setting.csv 불러오는 중
2025-08-16 16:51:34,474 - INFO - [common_utils.py] 현재 보유 자산 조회 중...
2025-08-16 16:51:34,474 - INFO - 💰 바이낸스 선물 계좌 정보 조회 시도 중...
2025-08-16 16:51:34,518 - INFO - ✅ USDT 사용 가능 잔고: 6562.52 USDT
2025-08-16 16:51:34,563 - INFO - ✅ 현재 보유 중인 선물 포지션 수: 8개
2025-08-16 16:51:34,563 - INFO - [common_utils.py] get_accounts에서 조회된 포지션 수: 8개
2025-08-16 16:51:34,653 - INFO - ✅ TRXUSDT 포지션이 보유 코인 목록에 추가되었습니다. (수량: 2242.000000, 가치: 793.24USDT)
2025-08-16 16:51:34,743 - INFO - ✅ SOLUSDT 포지션이 보유 코인 목록에 추가되었습니다. (수량: 16.460000, 가치: 3116.21USDT)
2025-08-16 16:51:34,849 - INFO - ✅ ETHUSDT 포지션이 보유 코인 목록에 추가되었습니다. (수량: 0.356000, 가치: 1588.17USDT)
2025-08-16 16:51:34,942 - INFO - ✅ SUIUSDT 포지션이 보유 코인 목록에 추가되었습니다. (수량: 830.700000, 가치: 3096.93USDT)
2025-08-16 16:51:35,036 - INFO - ✅ BNBUSDT 포지션이 보유 코인 목록에 추가되었습니다. (수량: 1.920000, 가치: 1606.43USDT)
2025-08-16 16:51:35,126 - INFO - ✅ DOGEUSDT 포지션이 보유 코인 목록에 추가되었습니다. (수량: 3415.000000, 가치: 797.27USDT)
2025-08-16 16:51:35,218 - INFO - ✅ XRPUSDT 포지션이 보유 코인 목록에 추가되었습니다. (수량: 756.000000, 가치: 2360.01USDT)
2025-08-16 16:51:35,308 - INFO - ✅ ADAUSDT 포지션이 보유 코인 목록에 추가되었습니다. (수량: 829.000000, 가치: 799.16USDT)
2025-08-16 16:51:35,308 - INFO - [common_utils.py] 최종 보유 중인 코인 수: 8개
2025-08-16 16:51:35,310 - INFO - [sell_entry.py] sell_log.csv 주문 상태 확인 및 정리 중...
2025-08-16 16:51:35,651 - INFO - [sell_entry.py] sell_log.csv에 변경사항 없음.
2025-08-16 16:51:35,655 - INFO - [sell_entry.py] 신규/정정 매도 주문이 없습니다. 현재 상태를 유지합니다.
2025-08-16 16:51:35,657 - INFO - [sell_entry.py] 매도 전략 흐름 종료
2025-08-16 16:51:35,657 - INFO - ==================== 사이클 종료, 5초 대기 ====================

2025-08-16 16:51:40,657 - INFO - ==================== 새로운 사이클 시작 ====================
2025-08-16 16:51:40,659 - INFO - [common_utils.py] 현재 보유 자산 조회 중...
2025-08-16 16:51:40,660 - INFO - 💰 바이낸스 선물 계좌 정보 조회 시도 중...
2025-08-16 16:51:40,703 - INFO - ✅ USDT 사용 가능 잔고: 6560.00 USDT
2025-08-16 16:51:40,749 - INFO - ✅ 현재 보유 중인 선물 포지션 수: 8개
2025-08-16 16:51:40,749 - INFO - [common_utils.py] get_accounts에서 조회된 포지션 수: 8개
2025-08-16 16:51:40,840 - INFO - ✅ TRXUSDT 포지션이 보유 코인 목록에 추가되었습니다. (수량: 2242.000000, 가치: 793.20USDT)
2025-08-16 16:51:40,931 - INFO - ✅ SOLUSDT 포지션이 보유 코인 목록에 추가되었습니다. (수량: 16.460000, 가치: 3115.22USDT)
2025-08-16 16:51:41,024 - INFO - ✅ ETHUSDT 포지션이 보유 코인 목록에 추가되었습니다. (수량: 0.356000, 가치: 1588.00USDT)
2025-08-16 16:51:41,118 - INFO - ✅ SUIUSDT 포지션이 보유 코인 목록에 추가되었습니다. (수량: 830.700000, 가치: 3097.02USDT)
2025-08-16 16:51:41,212 - INFO - ✅ BNBUSDT 포지션이 보유 코인 목록에 추가되었습니다. (수량: 1.920000, 가치: 1606.37USDT)
2025-08-16 16:51:41,305 - INFO - ✅ DOGEUSDT 포지션이 보유 코인 목록에 추가되었습니다. (수량: 3415.000000, 가치: 797.16USDT)
2025-08-16 16:51:41,399 - INFO - ✅ XRPUSDT 포지션이 보유 코인 목록에 추가되었습니다. (수량: 756.000000, 가치: 2359.48USDT)
2025-08-16 16:51:41,495 - INFO - ✅ ADAUSDT 포지션이 보유 코인 목록에 추가되었습니다. (수량: 829.000000, 가치: 798.91USDT)
2025-08-16 16:51:41,496 - INFO - [common_utils.py] 최종 보유 중인 코인 수: 8개
2025-08-16 16:51:41,500 - INFO - ⚙️ 실제 보유 현황과 로그 파일의 동기화를 시작합니다...
2025-08-16 16:51:41,500 - INFO - ✅ 모든 보유 코인이 로그 파일과 동기화되어 있습니다.
2025-08-16 16:51:42,252 - INFO - [sell_entry.py] 카지노 매매 전략 - 매도 로직 시작 (선주문 방식)
2025-08-16 16:51:42,253 - INFO - [sell_entry.py] setting.csv 불러오는 중
2025-08-16 16:51:42,254 - INFO - [common_utils.py] 현재 보유 자산 조회 중...
2025-08-16 16:51:42,255 - INFO - 💰 바이낸스 선물 계좌 정보 조회 시도 중...
2025-08-16 16:51:42,301 - INFO - ✅ USDT 사용 가능 잔고: 6558.10 USDT
2025-08-16 16:51:42,345 - INFO - ✅ 현재 보유 중인 선물 포지션 수: 8개
2025-08-16 16:51:42,345 - INFO - [common_utils.py] get_accounts에서 조회된 포지션 수: 8개
2025-08-16 16:51:42,438 - INFO - ✅ TRXUSDT 포지션이 보유 코인 목록에 추가되었습니다. (수량: 2242.000000, 가치: 793.20USDT)
2025-08-16 16:51:42,534 - INFO - ✅ SOLUSDT 포지션이 보유 코인 목록에 추가되었습니다. (수량: 16.460000, 가치: 3114.56USDT)
2025-08-16 16:51:42,629 - INFO - ✅ ETHUSDT 포지션이 보유 코인 목록에 추가되었습니다. (수량: 0.356000, 가치: 1587.66USDT)
2025-08-16 16:51:42,722 - INFO - ✅ SUIUSDT 포지션이 보유 코인 목록에 추가되었습니다. (수량: 830.700000, 가치: 3096.60USDT)
2025-08-16 16:51:42,814 - INFO - ✅ BNBUSDT 포지션이 보유 코인 목록에 추가되었습니다. (수량: 1.920000, 가치: 1606.29USDT)
2025-08-16 16:51:42,907 - INFO - ✅ DOGEUSDT 포지션이 보유 코인 목록에 추가되었습니다. (수량: 3415.000000, 가치: 797.03USDT)
2025-08-16 16:51:43,008 - INFO - ✅ XRPUSDT 포지션이 보유 코인 목록에 추가되었습니다. (수량: 756.000000, 가치: 2359.48USDT)
2025-08-16 16:51:43,107 - INFO - ✅ ADAUSDT 포지션이 보유 코인 목록에 추가되었습니다. (수량: 829.000000, 가치: 798.74USDT)
2025-08-16 16:51:43,107 - INFO - [common_utils.py] 최종 보유 중인 코인 수: 8개
2025-08-16 16:51:43,110 - INFO - [sell_entry.py] sell_log.csv 주문 상태 확인 및 정리 중...
2025-08-16 16:51:43,555 - INFO - [sell_entry.py] sell_log.csv에 변경사항 없음.
2025-08-16 16:51:43,560 - INFO - [sell_entry.py] 신규/정정 매도 주문이 없습니다. 현재 상태를 유지합니다.
2025-08-16 16:51:43,561 - INFO - [sell_entry.py] 매도 전략 흐름 종료
2025-08-16 16:51:43,561 - INFO - ==================== 사이클 종료, 5초 대기 ====================

2025-08-16 16:51:48,562 - INFO - ==================== 새로운 사이클 시작 ====================
2025-08-16 16:51:48,566 - INFO - [common_utils.py] 현재 보유 자산 조회 중...
2025-08-16 16:51:48,566 - INFO - 💰 바이낸스 선물 계좌 정보 조회 시도 중...
2025-08-16 16:51:48,613 - INFO - ✅ USDT 사용 가능 잔고: 6563.72 USDT
2025-08-16 16:51:48,659 - INFO - ✅ 현재 보유 중인 선물 포지션 수: 8개
2025-08-16 16:51:48,660 - INFO - [common_utils.py] get_accounts에서 조회된 포지션 수: 8개
2025-08-16 16:51:48,752 - INFO - ✅ TRXUSDT 포지션이 보유 코인 목록에 추가되었습니다. (수량: 2242.000000, 가치: 793.20USDT)
2025-08-16 16:51:48,849 - INFO - ✅ SOLUSDT 포지션이 보유 코인 목록에 추가되었습니다. (수량: 16.460000, 가치: 3117.69USDT)
2025-08-16 16:51:48,954 - INFO - ✅ ETHUSDT 포지션이 보유 코인 목록에 추가되었습니다. (수량: 0.356000, 가치: 1587.89USDT)
2025-08-16 16:51:49,047 - INFO - ✅ SUIUSDT 포지션이 보유 코인 목록에 추가되었습니다. (수량: 830.700000, 가치: 3097.35USDT)
2025-08-16 16:51:49,149 - INFO - ✅ BNBUSDT 포지션이 보유 코인 목록에 추가되었습니다. (수량: 1.920000, 가치: 1606.29USDT)
2025-08-16 16:51:49,241 - INFO - ✅ DOGEUSDT 포지션이 보유 코인 목록에 추가되었습니다. (수량: 3415.000000, 가치: 797.27USDT)
2025-08-16 16:51:49,332 - INFO - ✅ XRPUSDT 포지션이 보유 코인 목록에 추가되었습니다. (수량: 756.000000, 가치: 2360.31USDT)
2025-08-16 16:51:49,430 - INFO - ✅ ADAUSDT 포지션이 보유 코인 목록에 추가되었습니다. (수량: 829.000000, 가치: 798.99USDT)
2025-08-16 16:51:49,431 - INFO - [common_utils.py] 최종 보유 중인 코인 수: 8개
2025-08-16 16:51:49,436 - INFO - ⚙️ 실제 보유 현황과 로그 파일의 동기화를 시작합니다...
2025-08-16 16:51:49,436 - INFO - ✅ 모든 보유 코인이 로그 파일과 동기화되어 있습니다.
2025-08-16 16:51:50,188 - INFO - [sell_entry.py] 카지노 매매 전략 - 매도 로직 시작 (선주문 방식)
2025-08-16 16:51:50,189 - INFO - [sell_entry.py] setting.csv 불러오는 중
2025-08-16 16:51:50,190 - INFO - [common_utils.py] 현재 보유 자산 조회 중...
2025-08-16 16:51:50,190 - INFO - 💰 바이낸스 선물 계좌 정보 조회 시도 중...
2025-08-16 16:51:50,234 - INFO - ✅ USDT 사용 가능 잔고: 6563.97 USDT
2025-08-16 16:51:50,281 - INFO - ✅ 현재 보유 중인 선물 포지션 수: 8개
2025-08-16 16:51:50,281 - INFO - [common_utils.py] get_accounts에서 조회된 포지션 수: 8개
2025-08-16 16:51:50,372 - INFO - ✅ TRXUSDT 포지션이 보유 코인 목록에 추가되었습니다. (수량: 2242.000000, 가치: 793.20USDT)
2025-08-16 16:51:50,468 - INFO - ✅ SOLUSDT 포지션이 보유 코인 목록에 추가되었습니다. (수량: 16.460000, 가치: 3118.35USDT)
2025-08-16 16:51:50,561 - INFO - ✅ ETHUSDT 포지션이 보유 코인 목록에 추가되었습니다. (수량: 0.356000, 가치: 1588.08USDT)
2025-08-16 16:51:50,665 - INFO - ✅ SUIUSDT 포지션이 보유 코인 목록에 추가되었습니다. (수량: 830.700000, 가치: 3097.51USDT)
2025-08-16 16:51:50,757 - INFO - ✅ BNBUSDT 포지션이 보유 코인 목록에 추가되었습니다. (수량: 1.920000, 가치: 1606.33USDT)
2025-08-16 16:51:50,849 - INFO - ✅ DOGEUSDT 포지션이 보유 코인 목록에 추가되었습니다. (수량: 3415.000000, 가치: 797.27USDT)
2025-08-16 16:51:50,948 - INFO - ✅ XRPUSDT 포지션이 보유 코인 목록에 추가되었습니다. (수량: 756.000000, 가치: 2360.31USDT)
2025-08-16 16:51:51,038 - INFO - ✅ ADAUSDT 포지션이 보유 코인 목록에 추가되었습니다. (수량: 829.000000, 가치: 798.99USDT)
2025-08-16 16:51:51,038 - INFO - [common_utils.py] 최종 보유 중인 코인 수: 8개
2025-08-16 16:51:51,040 - INFO - [sell_entry.py] sell_log.csv 주문 상태 확인 및 정리 중...
2025-08-16 16:51:51,398 - INFO - [sell_entry.py] sell_log.csv에 변경사항 없음.
2025-08-16 16:51:51,403 - INFO - [sell_entry.py] 신규/정정 매도 주문이 없습니다. 현재 상태를 유지합니다.
2025-08-16 16:51:51,404 - INFO - [sell_entry.py] 매도 전략 흐름 종료
2025-08-16 16:51:51,404 - INFO - ==================== 사이클 종료, 5초 대기 ====================

2025-08-16 16:51:56,405 - INFO - ==================== 새로운 사이클 시작 ====================
2025-08-16 16:51:56,407 - INFO - [common_utils.py] 현재 보유 자산 조회 중...
2025-08-16 16:51:56,407 - INFO - 💰 바이낸스 선물 계좌 정보 조회 시도 중...
2025-08-16 16:51:56,455 - INFO - ✅ USDT 사용 가능 잔고: 6566.03 USDT
2025-08-16 16:51:56,496 - INFO - ✅ 현재 보유 중인 선물 포지션 수: 8개
2025-08-16 16:51:56,497 - INFO - [common_utils.py] get_accounts에서 조회된 포지션 수: 8개
2025-08-16 16:51:56,587 - INFO - ✅ TRXUSDT 포지션이 보유 코인 목록에 추가되었습니다. (수량: 2242.000000, 가치: 793.15USDT)
2025-08-16 16:51:56,681 - INFO - ✅ SOLUSDT 포지션이 보유 코인 목록에 추가되었습니다. (수량: 16.460000, 가치: 3118.84USDT)
2025-08-16 16:51:56,773 - INFO - ✅ ETHUSDT 포지션이 보유 코인 목록에 추가되었습니다. (수량: 0.356000, 가치: 1588.36USDT)
2025-08-16 16:51:56,863 - INFO - ✅ SUIUSDT 포지션이 보유 코인 목록에 추가되었습니다. (수량: 830.700000, 가치: 3097.85USDT)
2025-08-16 16:51:56,957 - INFO - ✅ BNBUSDT 포지션이 보유 코인 목록에 추가되었습니다. (수량: 1.920000, 가치: 1606.33USDT)
2025-08-16 16:51:57,048 - INFO - ✅ DOGEUSDT 포지션이 보유 코인 목록에 추가되었습니다. (수량: 3415.000000, 가치: 797.27USDT)
2025-08-16 16:51:57,139 - INFO - ✅ XRPUSDT 포지션이 보유 코인 목록에 추가되었습니다. (수량: 756.000000, 가치: 2360.31USDT)
2025-08-16 16:51:57,229 - INFO - ✅ ADAUSDT 포지션이 보유 코인 목록에 추가되었습니다. (수량: 829.000000, 가치: 798.99USDT)
2025-08-16 16:51:57,229 - INFO - [common_utils.py] 최종 보유 중인 코인 수: 8개
2025-08-16 16:51:57,233 - INFO - ⚙️ 실제 보유 현황과 로그 파일의 동기화를 시작합니다...
2025-08-16 16:51:57,233 - INFO - ✅ 모든 보유 코인이 로그 파일과 동기화되어 있습니다.
2025-08-16 16:51:58,195 - INFO - [sell_entry.py] 카지노 매매 전략 - 매도 로직 시작 (선주문 방식)
2025-08-16 16:51:58,195 - INFO - [sell_entry.py] setting.csv 불러오는 중
2025-08-16 16:51:58,197 - INFO - [common_utils.py] 현재 보유 자산 조회 중...
2025-08-16 16:51:58,197 - INFO - 💰 바이낸스 선물 계좌 정보 조회 시도 중...
2025-08-16 16:51:58,249 - INFO - ✅ USDT 사용 가능 잔고: 6566.10 USDT
2025-08-16 16:51:58,296 - INFO - ✅ 현재 보유 중인 선물 포지션 수: 8개
2025-08-16 16:51:58,296 - INFO - [common_utils.py] get_accounts에서 조회된 포지션 수: 8개
2025-08-16 16:51:58,387 - INFO - ✅ TRXUSDT 포지션이 보유 코인 목록에 추가되었습니다. (수량: 2242.000000, 가치: 793.15USDT)
2025-08-16 16:51:58,494 - INFO - ✅ SOLUSDT 포지션이 보유 코인 목록에 추가되었습니다. (수량: 16.460000, 가치: 3119.33USDT)
2025-08-16 16:51:58,586 - INFO - ✅ ETHUSDT 포지션이 보유 코인 목록에 추가되었습니다. (수량: 0.356000, 가치: 1588.18USDT)
2025-08-16 16:51:58,676 - INFO - ✅ SUIUSDT 포지션이 보유 코인 목록에 추가되었습니다. (수량: 830.700000, 가치: 3098.01USDT)
2025-08-16 16:51:58,771 - INFO - ✅ BNBUSDT 포지션이 보유 코인 목록에 추가되었습니다. (수량: 1.920000, 가치: 1606.33USDT)
2025-08-16 16:51:58,865 - INFO - ✅ DOGEUSDT 포지션이 보유 코인 목록에 추가되었습니다. (수량: 3415.000000, 가치: 797.03USDT)
2025-08-16 16:51:58,956 - INFO - ✅ XRPUSDT 포지션이 보유 코인 목록에 추가되었습니다. (수량: 756.000000, 가치: 2360.23USDT)
2025-08-16 16:51:59,049 - INFO - ✅ ADAUSDT 포지션이 보유 코인 목록에 추가되었습니다. (수량: 829.000000, 가치: 798.74USDT)
2025-08-16 16:51:59,050 - INFO - [common_utils.py] 최종 보유 중인 코인 수: 8개
2025-08-16 16:51:59,052 - INFO - [sell_entry.py] sell_log.csv 주문 상태 확인 및 정리 중...
2025-08-16 16:51:59,402 - INFO - [sell_entry.py] sell_log.csv에 변경사항 없음.
2025-08-16 16:51:59,407 - INFO - [sell_entry.py] 신규/정정 매도 주문이 없습니다. 현재 상태를 유지합니다.
2025-08-16 16:51:59,409 - INFO - [sell_entry.py] 매도 전략 흐름 종료
2025-08-16 16:51:59,409 - INFO - ==================== 사이클 종료, 5초 대기 ====================

2025-08-16 16:52:04,409 - INFO - ==================== 새로운 사이클 시작 ====================
2025-08-16 16:52:04,412 - INFO - [common_utils.py] 현재 보유 자산 조회 중...
2025-08-16 16:52:04,412 - INFO - 💰 바이낸스 선물 계좌 정보 조회 시도 중...
2025-08-16 16:52:04,455 - INFO - ✅ USDT 사용 가능 잔고: 6561.79 USDT
2025-08-16 16:52:04,499 - INFO - ✅ 현재 보유 중인 선물 포지션 수: 8개
2025-08-16 16:52:04,499 - INFO - [common_utils.py] get_accounts에서 조회된 포지션 수: 8개
2025-08-16 16:52:04,594 - INFO - ✅ TRXUSDT 포지션이 보유 코인 목록에 추가되었습니다. (수량: 2242.000000, 가치: 793.15USDT)
2025-08-16 16:52:04,687 - INFO - ✅ SOLUSDT 포지션이 보유 코인 목록에 추가되었습니다. (수량: 16.460000, 가치: 3117.69USDT)
2025-08-16 16:52:04,778 - INFO - ✅ ETHUSDT 포지션이 보유 코인 목록에 추가되었습니다. (수량: 0.356000, 가치: 1587.68USDT)
2025-08-16 16:52:04,873 - INFO - ✅ SUIUSDT 포지션이 보유 코인 목록에 추가되었습니다. (수량: 830.700000, 가치: 3097.51USDT)
2025-08-16 16:52:04,973 - INFO - ✅ BNBUSDT 포지션이 보유 코인 목록에 추가되었습니다. (수량: 1.920000, 가치: 1606.33USDT)
2025-08-16 16:52:05,065 - INFO - ✅ DOGEUSDT 포지션이 보유 코인 목록에 추가되었습니다. (수량: 3415.000000, 가치: 796.86USDT)
2025-08-16 16:52:05,159 - INFO - ✅ XRPUSDT 포지션이 보유 코인 목록에 추가되었습니다. (수량: 756.000000, 가치: 2359.55USDT)
2025-08-16 16:52:05,249 - INFO - ✅ ADAUSDT 포지션이 보유 코인 목록에 추가되었습니다. (수량: 829.000000, 가치: 798.49USDT)
2025-08-16 16:52:05,249 - INFO - [common_utils.py] 최종 보유 중인 코인 수: 8개
2025-08-16 16:52:05,255 - INFO - ⚙️ 실제 보유 현황과 로그 파일의 동기화를 시작합니다...
2025-08-16 16:52:05,256 - INFO - ✅ 모든 보유 코인이 로그 파일과 동기화되어 있습니다.
2025-08-16 16:52:06,011 - INFO - [sell_entry.py] 카지노 매매 전략 - 매도 로직 시작 (선주문 방식)
2025-08-16 16:52:06,011 - INFO - [sell_entry.py] setting.csv 불러오는 중
2025-08-16 16:52:06,012 - INFO - [common_utils.py] 현재 보유 자산 조회 중...
2025-08-16 16:52:06,012 - INFO - 💰 바이낸스 선물 계좌 정보 조회 시도 중...
2025-08-16 16:52:06,059 - INFO - ✅ USDT 사용 가능 잔고: 6560.94 USDT
2025-08-16 16:52:06,101 - INFO - ✅ 현재 보유 중인 선물 포지션 수: 8개
2025-08-16 16:52:06,101 - INFO - [common_utils.py] get_accounts에서 조회된 포지션 수: 8개
2025-08-16 16:52:06,192 - INFO - ✅ TRXUSDT 포지션이 보유 코인 목록에 추가되었습니다. (수량: 2242.000000, 가치: 793.13USDT)
2025-08-16 16:52:06,283 - INFO - ✅ SOLUSDT 포지션이 보유 코인 목록에 추가되었습니다. (수량: 16.460000, 가치: 3117.36USDT)
2025-08-16 16:52:06,373 - INFO - ✅ ETHUSDT 포지션이 보유 코인 목록에 추가되었습니다. (수량: 0.356000, 가치: 1587.68USDT)
2025-08-16 16:52:06,465 - INFO - ✅ SUIUSDT 포지션이 보유 코인 목록에 추가되었습니다. (수량: 830.700000, 가치: 3097.18USDT)
2025-08-16 16:52:06,557 - INFO - ✅ BNBUSDT 포지션이 보유 코인 목록에 추가되었습니다. (수량: 1.920000, 가치: 1606.33USDT)
2025-08-16 16:52:06,652 - INFO - ✅ DOGEUSDT 포지션이 보유 코인 목록에 추가되었습니다. (수량: 3415.000000, 가치: 796.82USDT)
2025-08-16 16:52:06,747 - INFO - ✅ XRPUSDT 포지션이 보유 코인 목록에 추가되었습니다. (수량: 756.000000, 가치: 2359.48USDT)
2025-08-16 16:52:06,843 - INFO - ✅ ADAUSDT 포지션이 보유 코인 목록에 추가되었습니다. (수량: 829.000000, 가치: 798.41USDT)
2025-08-16 16:52:06,844 - INFO - [common_utils.py] 최종 보유 중인 코인 수: 8개
2025-08-16 16:52:06,846 - INFO - [sell_entry.py] sell_log.csv 주문 상태 확인 및 정리 중...
2025-08-16 16:52:07,264 - INFO - [sell_entry.py] sell_log.csv에 변경사항 없음.
2025-08-16 16:52:07,271 - INFO - [sell_entry.py] 신규/정정 매도 주문이 없습니다. 현재 상태를 유지합니다.
2025-08-16 16:52:07,273 - INFO - [sell_entry.py] 매도 전략 흐름 종료
2025-08-16 16:52:07,273 - INFO - ==================== 사이클 종료, 5초 대기 ====================

2025-08-16 16:52:12,274 - INFO - ==================== 새로운 사이클 시작 ====================
2025-08-16 16:52:12,276 - INFO - [common_utils.py] 현재 보유 자산 조회 중...
2025-08-16 16:52:12,276 - INFO - 💰 바이낸스 선물 계좌 정보 조회 시도 중...
2025-08-16 16:52:12,320 - INFO - ✅ USDT 사용 가능 잔고: 6562.16 USDT
2025-08-16 16:52:12,365 - INFO - ✅ 현재 보유 중인 선물 포지션 수: 8개
2025-08-16 16:52:12,365 - INFO - [common_utils.py] get_accounts에서 조회된 포지션 수: 8개
2025-08-16 16:52:12,472 - INFO - ✅ TRXUSDT 포지션이 보유 코인 목록에 추가되었습니다. (수량: 2242.000000, 가치: 793.09USDT)
2025-08-16 16:52:12,568 - INFO - ✅ SOLUSDT 포지션이 보유 코인 목록에 추가되었습니다. (수량: 16.460000, 가치: 3118.02USDT)
2025-08-16 16:52:12,665 - INFO - ✅ ETHUSDT 포지션이 보유 코인 목록에 추가되었습니다. (수량: 0.356000, 가치: 1587.76USDT)
2025-08-16 16:52:12,759 - INFO - ✅ SUIUSDT 포지션이 보유 코인 목록에 추가되었습니다. (수량: 830.700000, 가치: 3097.51USDT)
2025-08-16 16:52:12,851 - INFO - ✅ BNBUSDT 포지션이 보유 코인 목록에 추가되었습니다. (수량: 1.920000, 가치: 1606.33USDT)
2025-08-16 16:52:12,945 - INFO - ✅ DOGEUSDT 포지션이 보유 코인 목록에 추가되었습니다. (수량: 3415.000000, 가치: 796.82USDT)
2025-08-16 16:52:13,040 - INFO - ✅ XRPUSDT 포지션이 보유 코인 목록에 추가되었습니다. (수량: 756.000000, 가치: 2359.48USDT)
2025-08-16 16:52:13,130 - INFO - ✅ ADAUSDT 포지션이 보유 코인 목록에 추가되었습니다. (수량: 829.000000, 가치: 798.41USDT)
2025-08-16 16:52:13,130 - INFO - [common_utils.py] 최종 보유 중인 코인 수: 8개
2025-08-16 16:52:13,134 - INFO - ⚙️ 실제 보유 현황과 로그 파일의 동기화를 시작합니다...
2025-08-16 16:52:13,135 - INFO - ✅ 모든 보유 코인이 로그 파일과 동기화되어 있습니다.
2025-08-16 16:52:13,885 - INFO - [sell_entry.py] 카지노 매매 전략 - 매도 로직 시작 (선주문 방식)
2025-08-16 16:52:13,885 - INFO - [sell_entry.py] setting.csv 불러오는 중
2025-08-16 16:52:13,887 - INFO - [common_utils.py] 현재 보유 자산 조회 중...
2025-08-16 16:52:13,887 - INFO - 💰 바이낸스 선물 계좌 정보 조회 시도 중...
2025-08-16 16:52:13,934 - INFO - ✅ USDT 사용 가능 잔고: 6562.34 USDT
2025-08-16 16:52:13,979 - INFO - ✅ 현재 보유 중인 선물 포지션 수: 8개
2025-08-16 16:52:13,979 - INFO - [common_utils.py] get_accounts에서 조회된 포지션 수: 8개
2025-08-16 16:52:14,071 - INFO - ✅ TRXUSDT 포지션이 보유 코인 목록에 추가되었습니다. (수량: 2242.000000, 가치: 793.09USDT)
2025-08-16 16:52:14,164 - INFO - ✅ SOLUSDT 포지션이 보유 코인 목록에 추가되었습니다. (수량: 16.460000, 가치: 3118.02USDT)
2025-08-16 16:52:14,260 - INFO - ✅ ETHUSDT 포지션이 보유 코인 목록에 추가되었습니다. (수량: 0.356000, 가치: 1587.76USDT)
2025-08-16 16:52:14,350 - INFO - ✅ SUIUSDT 포지션이 보유 코인 목록에 추가되었습니다. (수량: 830.700000, 가치: 3097.51USDT)
2025-08-16 16:52:14,446 - INFO - ✅ BNBUSDT 포지션이 보유 코인 목록에 추가되었습니다. (수량: 1.920000, 가치: 1606.33USDT)
2025-08-16 16:52:14,541 - INFO - ✅ DOGEUSDT 포지션이 보유 코인 목록에 추가되었습니다. (수량: 3415.000000, 가치: 796.82USDT)
2025-08-16 16:52:14,633 - INFO - ✅ XRPUSDT 포지션이 보유 코인 목록에 추가되었습니다. (수량: 756.000000, 가치: 2359.48USDT)
2025-08-16 16:52:14,730 - INFO - ✅ ADAUSDT 포지션이 보유 코인 목록에 추가되었습니다. (수량: 829.000000, 가치: 798.41USDT)
2025-08-16 16:52:14,730 - INFO - [common_utils.py] 최종 보유 중인 코인 수: 8개
2025-08-16 16:52:14,733 - INFO - [sell_entry.py] sell_log.csv 주문 상태 확인 및 정리 중...
2025-08-16 16:52:15,088 - INFO - [sell_entry.py] sell_log.csv에 변경사항 없음.
2025-08-16 16:52:15,093 - INFO - [sell_entry.py] 신규/정정 매도 주문이 없습니다. 현재 상태를 유지합니다.
2025-08-16 16:52:15,095 - INFO - [sell_entry.py] 매도 전략 흐름 종료
2025-08-16 16:52:15,095 - INFO - ==================== 사이클 종료, 5초 대기 ====================

2025-08-16 16:52:20,096 - INFO - ==================== 새로운 사이클 시작 ====================
2025-08-16 16:52:20,098 - INFO - [common_utils.py] 현재 보유 자산 조회 중...
2025-08-16 16:52:20,098 - INFO - 💰 바이낸스 선물 계좌 정보 조회 시도 중...
2025-08-16 16:52:20,144 - INFO - ✅ USDT 사용 가능 잔고: 6560.69 USDT
2025-08-16 16:52:20,194 - INFO - ✅ 현재 보유 중인 선물 포지션 수: 8개
2025-08-16 16:52:20,194 - INFO - [common_utils.py] get_accounts에서 조회된 포지션 수: 8개
2025-08-16 16:52:20,291 - INFO - ✅ TRXUSDT 포지션이 보유 코인 목록에 추가되었습니다. (수량: 2242.000000, 가치: 793.09USDT)
2025-08-16 16:52:20,383 - INFO - ✅ SOLUSDT 포지션이 보유 코인 목록에 추가되었습니다. (수량: 16.460000, 가치: 3117.36USDT)
2025-08-16 16:52:20,477 - INFO - ✅ ETHUSDT 포지션이 보유 코인 목록에 추가되었습니다. (수량: 0.356000, 가치: 1587.58USDT)
2025-08-16 16:52:20,571 - INFO - ✅ SUIUSDT 포지션이 보유 코인 목록에 추가되었습니다. (수량: 830.700000, 가치: 3096.85USDT)
2025-08-16 16:52:20,666 - INFO - ✅ BNBUSDT 포지션이 보유 코인 목록에 추가되었습니다. (수량: 1.920000, 가치: 1606.21USDT)
2025-08-16 16:52:20,758 - INFO - ✅ DOGEUSDT 포지션이 보유 코인 목록에 추가되었습니다. (수량: 3415.000000, 가치: 796.65USDT)
2025-08-16 16:52:20,852 - INFO - ✅ XRPUSDT 포지션이 보유 코인 목록에 추가되었습니다. (수량: 756.000000, 가치: 2359.63USDT)
2025-08-16 16:52:20,945 - INFO - ✅ ADAUSDT 포지션이 보유 코인 목록에 추가되었습니다. (수량: 829.000000, 가치: 798.33USDT)
2025-08-16 16:52:20,945 - INFO - [common_utils.py] 최종 보유 중인 코인 수: 8개
2025-08-16 16:52:20,949 - INFO - ⚙️ 실제 보유 현황과 로그 파일의 동기화를 시작합니다...
2025-08-16 16:52:20,950 - INFO - ✅ 모든 보유 코인이 로그 파일과 동기화되어 있습니다.
2025-08-16 16:52:21,714 - INFO - [sell_entry.py] 카지노 매매 전략 - 매도 로직 시작 (선주문 방식)
2025-08-16 16:52:21,715 - INFO - [sell_entry.py] setting.csv 불러오는 중
2025-08-16 16:52:21,716 - INFO - [common_utils.py] 현재 보유 자산 조회 중...
2025-08-16 16:52:21,716 - INFO - 💰 바이낸스 선물 계좌 정보 조회 시도 중...
2025-08-16 16:52:21,764 - INFO - ✅ USDT 사용 가능 잔고: 6560.62 USDT
2025-08-16 16:52:21,809 - INFO - ✅ 현재 보유 중인 선물 포지션 수: 8개
2025-08-16 16:52:21,810 - INFO - [common_utils.py] get_accounts에서 조회된 포지션 수: 8개
2025-08-16 16:52:21,970 - INFO - ✅ TRXUSDT 포지션이 보유 코인 목록에 추가되었습니다. (수량: 2242.000000, 가치: 793.09USDT)
2025-08-16 16:52:22,060 - INFO - ✅ SOLUSDT 포지션이 보유 코인 목록에 추가되었습니다. (수량: 16.460000, 가치: 3117.19USDT)
2025-08-16 16:52:22,152 - INFO - ✅ ETHUSDT 포지션이 보유 코인 목록에 추가되었습니다. (수량: 0.356000, 가치: 1587.58USDT)
2025-08-16 16:52:22,246 - INFO - ✅ SUIUSDT 포지션이 보유 코인 목록에 추가되었습니다. (수량: 830.700000, 가치: 3096.85USDT)
2025-08-16 16:52:22,338 - INFO - ✅ BNBUSDT 포지션이 보유 코인 목록에 추가되었습니다. (수량: 1.920000, 가치: 1606.21USDT)
2025-08-16 16:52:22,431 - INFO - ✅ DOGEUSDT 포지션이 보유 코인 목록에 추가되었습니다. (수량: 3415.000000, 가치: 796.65USDT)
2025-08-16 16:52:22,531 - INFO - ✅ XRPUSDT 포지션이 보유 코인 목록에 추가되었습니다. (수량: 756.000000, 가치: 2360.31USDT)
2025-08-16 16:52:22,623 - INFO - ✅ ADAUSDT 포지션이 보유 코인 목록에 추가되었습니다. (수량: 829.000000, 가치: 798.33USDT)
2025-08-16 16:52:22,623 - INFO - [common_utils.py] 최종 보유 중인 코인 수: 8개
2025-08-16 16:52:22,625 - INFO - [sell_entry.py] sell_log.csv 주문 상태 확인 및 정리 중...
2025-08-16 16:52:22,971 - INFO - [sell_entry.py] sell_log.csv에 변경사항 없음.
2025-08-16 16:52:22,976 - INFO - [sell_entry.py] 신규/정정 매도 주문이 없습니다. 현재 상태를 유지합니다.
2025-08-16 16:52:22,977 - INFO - [sell_entry.py] 매도 전략 흐름 종료
2025-08-16 16:52:22,977 - INFO - ==================== 사이클 종료, 5초 대기 ====================

2025-08-16 16:52:27,978 - INFO - ==================== 새로운 사이클 시작 ====================
2025-08-16 16:52:27,980 - INFO - [common_utils.py] 현재 보유 자산 조회 중...
2025-08-16 16:52:27,981 - INFO - 💰 바이낸스 선물 계좌 정보 조회 시도 중...
2025-08-16 16:52:28,026 - INFO - ✅ USDT 사용 가능 잔고: 6561.59 USDT
2025-08-16 16:52:28,070 - INFO - ✅ 현재 보유 중인 선물 포지션 수: 8개
2025-08-16 16:52:28,071 - INFO - [common_utils.py] get_accounts에서 조회된 포지션 수: 8개
2025-08-16 16:52:28,165 - INFO - ✅ TRXUSDT 포지션이 보유 코인 목록에 추가되었습니다. (수량: 2242.000000, 가치: 793.09USDT)
2025-08-16 16:52:28,255 - INFO - ✅ SOLUSDT 포지션이 보유 코인 목록에 추가되었습니다. (수량: 16.460000, 가치: 3117.19USDT)
2025-08-16 16:52:28,348 - INFO - ✅ ETHUSDT 포지션이 보유 코인 목록에 추가되었습니다. (수량: 0.356000, 가치: 1587.58USDT)
2025-08-16 16:52:28,443 - INFO - ✅ SUIUSDT 포지션이 보유 코인 목록에 추가되었습니다. (수량: 830.700000, 가치: 3097.02USDT)
2025-08-16 16:52:28,534 - INFO - ✅ BNBUSDT 포지션이 보유 코인 목록에 추가되었습니다. (수량: 1.920000, 가치: 1606.21USDT)
2025-08-16 16:52:28,631 - INFO - ✅ DOGEUSDT 포지션이 보유 코인 목록에 추가되었습니다. (수량: 3415.000000, 가치: 796.72USDT)
2025-08-16 16:52:28,724 - INFO - ✅ XRPUSDT 포지션이 보유 코인 목록에 추가되었습니다. (수량: 756.000000, 가치: 2360.08USDT)
2025-08-16 16:52:28,817 - INFO - ✅ ADAUSDT 포지션이 보유 코인 목록에 추가되었습니다. (수량: 829.000000, 가치: 798.16USDT)
2025-08-16 16:52:28,817 - INFO - [common_utils.py] 최종 보유 중인 코인 수: 8개
2025-08-16 16:52:28,821 - INFO - ⚙️ 실제 보유 현황과 로그 파일의 동기화를 시작합니다...
2025-08-16 16:52:28,822 - INFO - ✅ 모든 보유 코인이 로그 파일과 동기화되어 있습니다.
2025-08-16 16:52:29,582 - INFO - [sell_entry.py] 카지노 매매 전략 - 매도 로직 시작 (선주문 방식)
2025-08-16 16:52:29,582 - INFO - [sell_entry.py] setting.csv 불러오는 중
2025-08-16 16:52:29,583 - INFO - [common_utils.py] 현재 보유 자산 조회 중...
2025-08-16 16:52:29,583 - INFO - 💰 바이낸스 선물 계좌 정보 조회 시도 중...
2025-08-16 16:52:29,626 - INFO - ✅ USDT 사용 가능 잔고: 6559.16 USDT
2025-08-16 16:52:29,669 - INFO - ✅ 현재 보유 중인 선물 포지션 수: 8개
2025-08-16 16:52:29,669 - INFO - [common_utils.py] get_accounts에서 조회된 포지션 수: 8개
2025-08-16 16:52:29,761 - INFO - ✅ TRXUSDT 포지션이 보유 코인 목록에 추가되었습니다. (수량: 2242.000000, 가치: 793.09USDT)
2025-08-16 16:52:29,853 - INFO - ✅ SOLUSDT 포지션이 보유 코인 목록에 추가되었습니다. (수량: 16.460000, 가치: 3116.04USDT)
2025-08-16 16:52:29,948 - INFO - ✅ ETHUSDT 포지션이 보유 코인 목록에 추가되었습니다. (수량: 0.356000, 가치: 1587.46USDT)
2025-08-16 16:52:30,041 - INFO - ✅ SUIUSDT 포지션이 보유 코인 목록에 추가되었습니다. (수량: 830.700000, 가치: 3096.77USDT)
2025-08-16 16:52:30,137 - INFO - ✅ BNBUSDT 포지션이 보유 코인 목록에 추가되었습니다. (수량: 1.920000, 가치: 1606.08USDT)
2025-08-16 16:52:30,235 - INFO - ✅ DOGEUSDT 포지션이 보유 코인 목록에 추가되었습니다. (수량: 3415.000000, 가치: 796.55USDT)
2025-08-16 16:52:30,333 - INFO - ✅ XRPUSDT 포지션이 보유 코인 목록에 추가되었습니다. (수량: 756.000000, 가치: 2360.01USDT)
2025-08-16 16:52:30,426 - INFO - ✅ ADAUSDT 포지션이 보유 코인 목록에 추가되었습니다. (수량: 829.000000, 가치: 797.83USDT)
2025-08-16 16:52:30,427 - INFO - [common_utils.py] 최종 보유 중인 코인 수: 8개
2025-08-16 16:52:30,429 - INFO - [sell_entry.py] sell_log.csv 주문 상태 확인 및 정리 중...
2025-08-16 16:52:30,776 - INFO - [sell_entry.py] sell_log.csv에 변경사항 없음.
2025-08-16 16:52:30,780 - INFO - [sell_entry.py] 신규/정정 매도 주문이 없습니다. 현재 상태를 유지합니다.
2025-08-16 16:52:30,782 - INFO - [sell_entry.py] 매도 전략 흐름 종료
2025-08-16 16:52:30,782 - INFO - ==================== 사이클 종료, 5초 대기 ====================

2025-08-16 16:52:35,782 - INFO - ==================== 새로운 사이클 시작 ====================
2025-08-16 16:52:35,784 - INFO - [common_utils.py] 현재 보유 자산 조회 중...
2025-08-16 16:52:35,785 - INFO - 💰 바이낸스 선물 계좌 정보 조회 시도 중...
2025-08-16 16:52:35,836 - INFO - ✅ USDT 사용 가능 잔고: 6556.64 USDT
2025-08-16 16:52:35,879 - INFO - ✅ 현재 보유 중인 선물 포지션 수: 8개
2025-08-16 16:52:35,879 - INFO - [common_utils.py] get_accounts에서 조회된 포지션 수: 8개
2025-08-16 16:52:35,974 - INFO - ✅ TRXUSDT 포지션이 보유 코인 목록에 추가되었습니다. (수량: 2242.000000, 가치: 793.09USDT)
2025-08-16 16:52:36,066 - INFO - ✅ SOLUSDT 포지션이 보유 코인 목록에 추가되었습니다. (수량: 16.460000, 가치: 3115.22USDT)
2025-08-16 16:52:36,159 - INFO - ✅ ETHUSDT 포지션이 보유 코인 목록에 추가되었습니다. (수량: 0.356000, 가치: 1587.15USDT)
2025-08-16 16:52:36,252 - INFO - ✅ SUIUSDT 포지션이 보유 코인 목록에 추가되었습니다. (수량: 830.700000, 가치: 3095.94USDT)
2025-08-16 16:52:36,343 - INFO - ✅ BNBUSDT 포지션이 보유 코인 목록에 추가되었습니다. (수량: 1.920000, 가치: 1606.08USDT)
2025-08-16 16:52:36,435 - INFO - ✅ DOGEUSDT 포지션이 보유 코인 목록에 추가되었습니다. (수량: 3415.000000, 가치: 796.34USDT)
2025-08-16 16:52:36,526 - INFO - ✅ XRPUSDT 포지션이 보유 코인 목록에 추가되었습니다. (수량: 756.000000, 가치: 2359.63USDT)
2025-08-16 16:52:36,619 - INFO - ✅ ADAUSDT 포지션이 보유 코인 목록에 추가되었습니다. (수량: 829.000000, 가치: 797.58USDT)
2025-08-16 16:52:36,619 - INFO - [common_utils.py] 최종 보유 중인 코인 수: 8개
2025-08-16 16:52:36,623 - INFO - ⚙️ 실제 보유 현황과 로그 파일의 동기화를 시작합니다...
2025-08-16 16:52:36,623 - INFO - ✅ 모든 보유 코인이 로그 파일과 동기화되어 있습니다.
2025-08-16 16:52:37,374 - INFO - [sell_entry.py] 카지노 매매 전략 - 매도 로직 시작 (선주문 방식)
2025-08-16 16:52:37,374 - INFO - [sell_entry.py] setting.csv 불러오는 중
2025-08-16 16:52:37,376 - INFO - [common_utils.py] 현재 보유 자산 조회 중...
2025-08-16 16:52:37,376 - INFO - 💰 바이낸스 선물 계좌 정보 조회 시도 중...
2025-08-16 16:52:37,422 - INFO - ✅ USDT 사용 가능 잔고: 6555.08 USDT
2025-08-16 16:52:37,468 - INFO - ✅ 현재 보유 중인 선물 포지션 수: 8개
2025-08-16 16:52:37,469 - INFO - [common_utils.py] get_accounts에서 조회된 포지션 수: 8개
2025-08-16 16:52:37,560 - INFO - ✅ TRXUSDT 포지션이 보유 코인 목록에 추가되었습니다. (수량: 2242.000000, 가치: 793.09USDT)
2025-08-16 16:52:37,653 - INFO - ✅ SOLUSDT 포지션이 보유 코인 목록에 추가되었습니다. (수량: 16.460000, 가치: 3114.73USDT)
2025-08-16 16:52:37,751 - INFO - ✅ ETHUSDT 포지션이 보유 코인 목록에 추가되었습니다. (수량: 0.356000, 가치: 1586.86USDT)
2025-08-16 16:52:37,849 - INFO - ✅ SUIUSDT 포지션이 보유 코인 목록에 추가되었습니다. (수량: 830.700000, 가치: 3095.44USDT)
2025-08-16 16:52:37,941 - INFO - ✅ BNBUSDT 포지션이 보유 코인 목록에 추가되었습니다. (수량: 1.920000, 가치: 1606.08USDT)
2025-08-16 16:52:38,032 - INFO - ✅ DOGEUSDT 포지션이 보유 코인 목록에 추가되었습니다. (수량: 3415.000000, 가치: 796.34USDT)
2025-08-16 16:52:38,131 - INFO - ✅ XRPUSDT 포지션이 보유 코인 목록에 추가되었습니다. (수량: 756.000000, 가치: 2359.63USDT)
2025-08-16 16:52:38,226 - INFO - ✅ ADAUSDT 포지션이 보유 코인 목록에 추가되었습니다. (수량: 829.000000, 가치: 797.50USDT)
2025-08-16 16:52:38,226 - INFO - [common_utils.py] 최종 보유 중인 코인 수: 8개
2025-08-16 16:52:38,228 - INFO - [sell_entry.py] sell_log.csv 주문 상태 확인 및 정리 중...
2025-08-16 16:52:38,578 - INFO - [sell_entry.py] sell_log.csv에 변경사항 없음.
2025-08-16 16:52:38,582 - INFO - [sell_entry.py] 신규/정정 매도 주문이 없습니다. 현재 상태를 유지합니다.
2025-08-16 16:52:38,584 - INFO - [sell_entry.py] 매도 전략 흐름 종료
2025-08-16 16:52:38,584 - INFO - ==================== 사이클 종료, 5초 대기 ====================

2025-08-16 16:52:43,585 - INFO - ==================== 새로운 사이클 시작 ====================
2025-08-16 16:52:43,587 - INFO - [common_utils.py] 현재 보유 자산 조회 중...
2025-08-16 16:52:43,588 - INFO - 💰 바이낸스 선물 계좌 정보 조회 시도 중...
2025-08-16 16:52:43,636 - INFO - ✅ USDT 사용 가능 잔고: 6552.02 USDT
2025-08-16 16:52:43,682 - INFO - ✅ 현재 보유 중인 선물 포지션 수: 8개
2025-08-16 16:52:43,682 - INFO - [common_utils.py] get_accounts에서 조회된 포지션 수: 8개
2025-08-16 16:52:43,775 - INFO - ✅ TRXUSDT 포지션이 보유 코인 목록에 추가되었습니다. (수량: 2242.000000, 가치: 793.09USDT)
2025-08-16 16:52:43,868 - INFO - ✅ SOLUSDT 포지션이 보유 코인 목록에 추가되었습니다. (수량: 16.460000, 가치: 3113.74USDT)
2025-08-16 16:52:43,961 - INFO - ✅ ETHUSDT 포지션이 보유 코인 목록에 추가되었습니다. (수량: 0.356000, 가치: 1586.50USDT)
2025-08-16 16:52:44,056 - INFO - ✅ SUIUSDT 포지션이 보유 코인 목록에 추가되었습니다. (수량: 830.700000, 가치: 3094.11USDT)
2025-08-16 16:52:44,149 - INFO - ✅ BNBUSDT 포지션이 보유 코인 목록에 추가되었습니다. (수량: 1.920000, 가치: 1605.83USDT)
2025-08-16 16:52:44,240 - INFO - ✅ DOGEUSDT 포지션이 보유 코인 목록에 추가되었습니다. (수량: 3415.000000, 가치: 796.17USDT)
2025-08-16 16:52:44,335 - INFO - ✅ XRPUSDT 포지션이 보유 코인 목록에 추가되었습니다. (수량: 756.000000, 가치: 2359.40USDT)
2025-08-16 16:52:44,428 - INFO - ✅ ADAUSDT 포지션이 보유 코인 목록에 추가되었습니다. (수량: 829.000000, 가치: 797.42USDT)
2025-08-16 16:52:44,428 - INFO - [common_utils.py] 최종 보유 중인 코인 수: 8개
2025-08-16 16:52:44,432 - INFO - ⚙️ 실제 보유 현황과 로그 파일의 동기화를 시작합니다...
2025-08-16 16:52:44,432 - INFO - ✅ 모든 보유 코인이 로그 파일과 동기화되어 있습니다.
2025-08-16 16:52:45,205 - INFO - [sell_entry.py] 카지노 매매 전략 - 매도 로직 시작 (선주문 방식)
2025-08-16 16:52:45,205 - INFO - [sell_entry.py] setting.csv 불러오는 중
2025-08-16 16:52:45,206 - INFO - [common_utils.py] 현재 보유 자산 조회 중...
2025-08-16 16:52:45,207 - INFO - 💰 바이낸스 선물 계좌 정보 조회 시도 중...
2025-08-16 16:52:45,251 - INFO - ✅ USDT 사용 가능 잔고: 6550.63 USDT
2025-08-16 16:52:45,294 - INFO - ✅ 현재 보유 중인 선물 포지션 수: 8개
2025-08-16 16:52:45,294 - INFO - [common_utils.py] get_accounts에서 조회된 포지션 수: 8개
2025-08-16 16:52:45,387 - INFO - ✅ TRXUSDT 포지션이 보유 코인 목록에 추가되었습니다. (수량: 2242.000000, 가치: 792.88USDT)
2025-08-16 16:52:45,478 - INFO - ✅ SOLUSDT 포지션이 보유 코인 목록에 추가되었습니다. (수량: 16.460000, 가치: 3113.24USDT)
2025-08-16 16:52:45,569 - INFO - ✅ ETHUSDT 포지션이 보유 코인 목록에 추가되었습니다. (수량: 0.356000, 가치: 1586.45USDT)
2025-08-16 16:52:45,661 - INFO - ✅ SUIUSDT 포지션이 보유 코인 목록에 추가되었습니다. (수량: 830.700000, 가치: 3093.61USDT)
2025-08-16 16:52:45,753 - INFO - ✅ BNBUSDT 포지션이 보유 코인 목록에 추가되었습니다. (수량: 1.920000, 가치: 1605.73USDT)
2025-08-16 16:52:45,845 - INFO - ✅ DOGEUSDT 포지션이 보유 코인 목록에 추가되었습니다. (수량: 3415.000000, 가치: 796.00USDT)
2025-08-16 16:52:45,936 - INFO - ✅ XRPUSDT 포지션이 보유 코인 목록에 추가되었습니다. (수량: 756.000000, 가치: 2359.25USDT)
2025-08-16 16:52:46,031 - INFO - ✅ ADAUSDT 포지션이 보유 코인 목록에 추가되었습니다. (수량: 829.000000, 가치: 797.58USDT)
2025-08-16 16:52:46,031 - INFO - [common_utils.py] 최종 보유 중인 코인 수: 8개
2025-08-16 16:52:46,034 - INFO - [sell_entry.py] sell_log.csv 주문 상태 확인 및 정리 중...
2025-08-16 16:52:46,379 - INFO - [sell_entry.py] sell_log.csv에 변경사항 없음.
2025-08-16 16:52:46,386 - INFO - [sell_entry.py] 신규/정정 매도 주문이 없습니다. 현재 상태를 유지합니다.
2025-08-16 16:52:46,389 - INFO - [sell_entry.py] 매도 전략 흐름 종료
2025-08-16 16:52:46,389 - INFO - ==================== 사이클 종료, 5초 대기 ====================

2025-08-16 16:52:51,390 - INFO - ==================== 새로운 사이클 시작 ====================
2025-08-16 16:52:51,392 - INFO - [common_utils.py] 현재 보유 자산 조회 중...
2025-08-16 16:52:51,392 - INFO - 💰 바이낸스 선물 계좌 정보 조회 시도 중...
2025-08-16 16:52:51,435 - INFO - ✅ USDT 사용 가능 잔고: 6551.03 USDT
2025-08-16 16:52:51,479 - INFO - ✅ 현재 보유 중인 선물 포지션 수: 8개
2025-08-16 16:52:51,479 - INFO - [common_utils.py] get_accounts에서 조회된 포지션 수: 8개
2025-08-16 16:52:51,576 - INFO - ✅ TRXUSDT 포지션이 보유 코인 목록에 추가되었습니다. (수량: 2242.000000, 가치: 792.97USDT)
2025-08-16 16:52:51,668 - INFO - ✅ SOLUSDT 포지션이 보유 코인 목록에 추가되었습니다. (수량: 16.460000, 가치: 3113.24USDT)
2025-08-16 16:52:51,764 - INFO - ✅ ETHUSDT 포지션이 보유 코인 목록에 추가되었습니다. (수량: 0.356000, 가치: 1586.56USDT)
2025-08-16 16:52:51,857 - INFO - ✅ SUIUSDT 포지션이 보유 코인 목록에 추가되었습니다. (수량: 830.700000, 가치: 3094.19USDT)
2025-08-16 16:52:51,947 - INFO - ✅ BNBUSDT 포지션이 보유 코인 목록에 추가되었습니다. (수량: 1.920000, 가치: 1605.73USDT)
2025-08-16 16:52:52,039 - INFO - ✅ DOGEUSDT 포지션이 보유 코인 목록에 추가되었습니다. (수량: 3415.000000, 가치: 796.04USDT)
2025-08-16 16:52:52,135 - INFO - ✅ XRPUSDT 포지션이 보유 코인 목록에 추가되었습니다. (수량: 756.000000, 가치: 2359.17USDT)
2025-08-16 16:52:52,225 - INFO - ✅ ADAUSDT 포지션이 보유 코인 목록에 추가되었습니다. (수량: 829.000000, 가치: 797.33USDT)
2025-08-16 16:52:52,225 - INFO - [common_utils.py] 최종 보유 중인 코인 수: 8개
2025-08-16 16:52:52,229 - INFO - ⚙️ 실제 보유 현황과 로그 파일의 동기화를 시작합니다...
2025-08-16 16:52:52,230 - INFO - ✅ 모든 보유 코인이 로그 파일과 동기화되어 있습니다.
2025-08-16 16:52:53,004 - INFO - [sell_entry.py] 카지노 매매 전략 - 매도 로직 시작 (선주문 방식)
2025-08-16 16:52:53,004 - INFO - [sell_entry.py] setting.csv 불러오는 중
2025-08-16 16:52:53,006 - INFO - [common_utils.py] 현재 보유 자산 조회 중...
2025-08-16 16:52:53,006 - INFO - 💰 바이낸스 선물 계좌 정보 조회 시도 중...
2025-08-16 16:52:53,052 - INFO - ✅ USDT 사용 가능 잔고: 6550.77 USDT
2025-08-16 16:52:53,096 - INFO - ✅ 현재 보유 중인 선물 포지션 수: 8개
2025-08-16 16:52:53,096 - INFO - [common_utils.py] get_accounts에서 조회된 포지션 수: 8개
2025-08-16 16:52:53,186 - INFO - ✅ TRXUSDT 포지션이 보유 코인 목록에 추가되었습니다. (수량: 2242.000000, 가치: 792.97USDT)
2025-08-16 16:52:53,278 - INFO - ✅ SOLUSDT 포지션이 보유 코인 목록에 추가되었습니다. (수량: 16.460000, 가치: 3113.24USDT)
2025-08-16 16:52:53,371 - INFO - ✅ ETHUSDT 포지션이 보유 코인 목록에 추가되었습니다. (수량: 0.356000, 가치: 1586.45USDT)
2025-08-16 16:52:53,463 - INFO - ✅ SUIUSDT 포지션이 보유 코인 목록에 추가되었습니다. (수량: 830.700000, 가치: 3094.19USDT)
2025-08-16 16:52:53,553 - INFO - ✅ BNBUSDT 포지션이 보유 코인 목록에 추가되었습니다. (수량: 1.920000, 가치: 1605.73USDT)
2025-08-16 16:52:53,649 - INFO - ✅ DOGEUSDT 포지션이 보유 코인 목록에 추가되었습니다. (수량: 3415.000000, 가치: 796.00USDT)
2025-08-16 16:52:53,742 - INFO - ✅ XRPUSDT 포지션이 보유 코인 목록에 추가되었습니다. (수량: 756.000000, 가치: 2359.17USDT)
2025-08-16 16:52:53,835 - INFO - ✅ ADAUSDT 포지션이 보유 코인 목록에 추가되었습니다. (수량: 829.000000, 가치: 797.33USDT)
2025-08-16 16:52:53,835 - INFO - [common_utils.py] 최종 보유 중인 코인 수: 8개
2025-08-16 16:52:53,837 - INFO - [sell_entry.py] sell_log.csv 주문 상태 확인 및 정리 중...
2025-08-16 16:52:54,207 - INFO - [sell_entry.py] sell_log.csv에 변경사항 없음.
2025-08-16 16:52:54,211 - INFO - [sell_entry.py] 신규/정정 매도 주문이 없습니다. 현재 상태를 유지합니다.
2025-08-16 16:52:54,213 - INFO - [sell_entry.py] 매도 전략 흐름 종료
2025-08-16 16:52:54,213 - INFO - ==================== 사이클 종료, 5초 대기 ====================

2025-08-16 16:52:59,214 - INFO - ==================== 새로운 사이클 시작 ====================
2025-08-16 16:52:59,216 - INFO - [common_utils.py] 현재 보유 자산 조회 중...
2025-08-16 16:52:59,217 - INFO - 💰 바이낸스 선물 계좌 정보 조회 시도 중...
2025-08-16 16:52:59,263 - INFO - ✅ USDT 사용 가능 잔고: 6550.85 USDT
2025-08-16 16:52:59,309 - INFO - ✅ 현재 보유 중인 선물 포지션 수: 8개
2025-08-16 16:52:59,309 - INFO - [common_utils.py] get_accounts에서 조회된 포지션 수: 8개
2025-08-16 16:52:59,401 - INFO - ✅ TRXUSDT 포지션이 보유 코인 목록에 추가되었습니다. (수량: 2242.000000, 가치: 792.97USDT)
2025-08-16 16:52:59,495 - INFO - ✅ SOLUSDT 포지션이 보유 코인 목록에 추가되었습니다. (수량: 16.460000, 가치: 3113.74USDT)
2025-08-16 16:52:59,588 - INFO - ✅ ETHUSDT 포지션이 보유 코인 목록에 추가되었습니다. (수량: 0.356000, 가치: 1586.51USDT)
2025-08-16 16:52:59,682 - INFO - ✅ SUIUSDT 포지션이 보유 코인 목록에 추가되었습니다. (수량: 830.700000, 가치: 3094.36USDT)
2025-08-16 16:52:59,779 - INFO - ✅ BNBUSDT 포지션이 보유 코인 목록에 추가되었습니다. (수량: 1.920000, 가치: 1605.73USDT)
2025-08-16 16:52:59,875 - INFO - ✅ DOGEUSDT 포지션이 보유 코인 목록에 추가되었습니다. (수량: 3415.000000, 가치: 796.00USDT)
2025-08-16 16:52:59,977 - INFO - ✅ XRPUSDT 포지션이 보유 코인 목록에 추가되었습니다. (수량: 756.000000, 가치: 2359.32USDT)
2025-08-16 16:53:00,069 - INFO - ✅ ADAUSDT 포지션이 보유 코인 목록에 추가되었습니다. (수량: 829.000000, 가치: 797.25USDT)
2025-08-16 16:53:00,069 - INFO - [common_utils.py] 최종 보유 중인 코인 수: 8개
2025-08-16 16:53:00,074 - INFO - ⚙️ 실제 보유 현황과 로그 파일의 동기화를 시작합니다...
2025-08-16 16:53:00,075 - INFO - ✅ 모든 보유 코인이 로그 파일과 동기화되어 있습니다.
2025-08-16 16:53:00,829 - INFO - [sell_entry.py] 카지노 매매 전략 - 매도 로직 시작 (선주문 방식)
2025-08-16 16:53:00,829 - INFO - [sell_entry.py] setting.csv 불러오는 중
2025-08-16 16:53:00,830 - INFO - [common_utils.py] 현재 보유 자산 조회 중...
2025-08-16 16:53:00,831 - INFO - 💰 바이낸스 선물 계좌 정보 조회 시도 중...
2025-08-16 16:53:00,899 - INFO - ✅ USDT 사용 가능 잔고: 6552.06 USDT
2025-08-16 16:53:00,942 - INFO - ✅ 현재 보유 중인 선물 포지션 수: 8개
2025-08-16 16:53:00,943 - INFO - [common_utils.py] get_accounts에서 조회된 포지션 수: 8개
2025-08-16 16:53:01,034 - INFO - ✅ TRXUSDT 포지션이 보유 코인 목록에 추가되었습니다. (수량: 2242.000000, 가치: 792.97USDT)
2025-08-16 16:53:01,128 - INFO - ✅ SOLUSDT 포지션이 보유 코인 목록에 추가되었습니다. (수량: 16.460000, 가치: 3114.56USDT)
2025-08-16 16:53:01,221 - INFO - ✅ ETHUSDT 포지션이 보유 코인 목록에 추가되었습니다. (수량: 0.356000, 가치: 1586.57USDT)
2025-08-16 16:53:01,319 - INFO - ✅ SUIUSDT 포지션이 보유 코인 목록에 추가되었습니다. (수량: 830.700000, 가치: 3094.86USDT)
2025-08-16 16:53:01,410 - INFO - ✅ BNBUSDT 포지션이 보유 코인 목록에 추가되었습니다. (수량: 1.920000, 가치: 1605.73USDT)
2025-08-16 16:53:01,508 - INFO - ✅ DOGEUSDT 포지션이 보유 코인 목록에 추가되었습니다. (수량: 3415.000000, 가치: 796.31USDT)
2025-08-16 16:53:01,602 - INFO - ✅ XRPUSDT 포지션이 보유 코인 목록에 추가되었습니다. (수량: 756.000000, 가치: 2360.08USDT)
2025-08-16 16:53:01,707 - INFO - ✅ ADAUSDT 포지션이 보유 코인 목록에 추가되었습니다. (수량: 829.000000, 가치: 797.58USDT)
2025-08-16 16:53:01,707 - INFO - [common_utils.py] 최종 보유 중인 코인 수: 8개
2025-08-16 16:53:01,710 - INFO - [sell_entry.py] sell_log.csv 주문 상태 확인 및 정리 중...
2025-08-16 16:53:02,130 - INFO - [sell_entry.py] sell_log.csv에 변경사항 없음.
2025-08-16 16:53:02,135 - INFO - [sell_entry.py] 신규/정정 매도 주문이 없습니다. 현재 상태를 유지합니다.
2025-08-16 16:53:02,136 - INFO - [sell_entry.py] 매도 전략 흐름 종료
2025-08-16 16:53:02,136 - INFO - ==================== 사이클 종료, 5초 대기 ====================

2025-08-16 16:53:07,137 - INFO - ==================== 새로운 사이클 시작 ====================
2025-08-16 16:53:07,139 - INFO - [common_utils.py] 현재 보유 자산 조회 중...
2025-08-16 16:53:07,139 - INFO - 💰 바이낸스 선물 계좌 정보 조회 시도 중...
2025-08-16 16:53:07,182 - INFO - ✅ USDT 사용 가능 잔고: 6553.32 USDT
2025-08-16 16:53:07,227 - INFO - ✅ 현재 보유 중인 선물 포지션 수: 8개
2025-08-16 16:53:07,227 - INFO - [common_utils.py] get_accounts에서 조회된 포지션 수: 8개
2025-08-16 16:53:07,322 - INFO - ✅ TRXUSDT 포지션이 보유 코인 목록에 추가되었습니다. (수량: 2242.000000, 가치: 792.97USDT)
2025-08-16 16:53:07,414 - INFO - ✅ SOLUSDT 포지션이 보유 코인 목록에 추가되었습니다. (수량: 16.460000, 가치: 3114.56USDT)
2025-08-16 16:53:07,505 - INFO - ✅ ETHUSDT 포지션이 보유 코인 목록에 추가되었습니다. (수량: 0.356000, 가치: 1586.40USDT)
2025-08-16 16:53:07,599 - INFO - ✅ SUIUSDT 포지션이 보유 코인 목록에 추가되었습니다. (수량: 830.700000, 가치: 3094.27USDT)
2025-08-16 16:53:07,693 - INFO - ✅ BNBUSDT 포지션이 보유 코인 목록에 추가되었습니다. (수량: 1.920000, 가치: 1605.73USDT)
2025-08-16 16:53:07,785 - INFO - ✅ DOGEUSDT 포지션이 보유 코인 목록에 추가되었습니다. (수량: 3415.000000, 가치: 796.31USDT)
2025-08-16 16:53:07,876 - INFO - ✅ XRPUSDT 포지션이 보유 코인 목록에 추가되었습니다. (수량: 756.000000, 가치: 2360.08USDT)
2025-08-16 16:53:07,971 - INFO - ✅ ADAUSDT 포지션이 보유 코인 목록에 추가되었습니다. (수량: 829.000000, 가치: 797.66USDT)
2025-08-16 16:53:07,971 - INFO - [common_utils.py] 최종 보유 중인 코인 수: 8개
2025-08-16 16:53:07,976 - INFO - ⚙️ 실제 보유 현황과 로그 파일의 동기화를 시작합니다...
2025-08-16 16:53:07,976 - INFO - ✅ 모든 보유 코인이 로그 파일과 동기화되어 있습니다.
2025-08-16 16:53:08,764 - INFO - [sell_entry.py] 카지노 매매 전략 - 매도 로직 시작 (선주문 방식)
2025-08-16 16:53:08,764 - INFO - [sell_entry.py] setting.csv 불러오는 중
2025-08-16 16:53:08,766 - INFO - [common_utils.py] 현재 보유 자산 조회 중...
2025-08-16 16:53:08,766 - INFO - 💰 바이낸스 선물 계좌 정보 조회 시도 중...
2025-08-16 16:53:08,817 - INFO - ✅ USDT 사용 가능 잔고: 6552.78 USDT
2025-08-16 16:53:08,866 - INFO - ✅ 현재 보유 중인 선물 포지션 수: 8개
2025-08-16 16:53:08,866 - INFO - [common_utils.py] get_accounts에서 조회된 포지션 수: 8개
2025-08-16 16:53:08,958 - INFO - ✅ TRXUSDT 포지션이 보유 코인 목록에 추가되었습니다. (수량: 2242.000000, 가치: 792.97USDT)
2025-08-16 16:53:09,053 - INFO - ✅ SOLUSDT 포지션이 보유 코인 목록에 추가되었습니다. (수량: 16.460000, 가치: 3114.40USDT)
2025-08-16 16:53:09,143 - INFO - ✅ ETHUSDT 포지션이 보유 코인 목록에 추가되었습니다. (수량: 0.356000, 가치: 1586.03USDT)
2025-08-16 16:53:09,233 - INFO - ✅ SUIUSDT 포지션이 보유 코인 목록에 추가되었습니다. (수량: 830.700000, 가치: 3094.27USDT)
2025-08-16 16:53:09,328 - INFO - ✅ BNBUSDT 포지션이 보유 코인 목록에 추가되었습니다. (수량: 1.920000, 가치: 1605.50USDT)
2025-08-16 16:53:09,420 - INFO - ✅ DOGEUSDT 포지션이 보유 코인 목록에 추가되었습니다. (수량: 3415.000000, 가치: 796.07USDT)
2025-08-16 16:53:09,513 - INFO - ✅ XRPUSDT 포지션이 보유 코인 목록에 추가되었습니다. (수량: 756.000000, 가치: 2360.08USDT)
2025-08-16 16:53:09,605 - INFO - ✅ ADAUSDT 포지션이 보유 코인 목록에 추가되었습니다. (수량: 829.000000, 가치: 797.58USDT)
2025-08-16 16:53:09,606 - INFO - [common_utils.py] 최종 보유 중인 코인 수: 8개
2025-08-16 16:53:09,608 - INFO - [sell_entry.py] sell_log.csv 주문 상태 확인 및 정리 중...
2025-08-16 16:53:09,964 - INFO - [sell_entry.py] sell_log.csv에 변경사항 없음.
2025-08-16 16:53:09,970 - INFO - [sell_entry.py] 신규/정정 매도 주문이 없습니다. 현재 상태를 유지합니다.
2025-08-16 16:53:09,972 - INFO - [sell_entry.py] 매도 전략 흐름 종료
2025-08-16 16:53:09,972 - INFO - ==================== 사이클 종료, 5초 대기 ====================

2025-08-16 16:53:14,972 - INFO - ==================== 새로운 사이클 시작 ====================
2025-08-16 16:53:14,975 - INFO - [common_utils.py] 현재 보유 자산 조회 중...
2025-08-16 16:53:14,975 - INFO - 💰 바이낸스 선물 계좌 정보 조회 시도 중...
2025-08-16 16:53:15,021 - INFO - ✅ USDT 사용 가능 잔고: 6549.98 USDT
2025-08-16 16:53:15,093 - INFO - ✅ 현재 보유 중인 선물 포지션 수: 8개
2025-08-16 16:53:15,093 - INFO - [common_utils.py] get_accounts에서 조회된 포지션 수: 8개
2025-08-16 16:53:15,190 - INFO - ✅ TRXUSDT 포지션이 보유 코인 목록에 추가되었습니다. (수량: 2242.000000, 가치: 792.97USDT)
2025-08-16 16:53:15,281 - INFO - ✅ SOLUSDT 포지션이 보유 코인 목록에 추가되었습니다. (수량: 16.460000, 가치: 3113.74USDT)
2025-08-16 16:53:15,414 - INFO - ✅ ETHUSDT 포지션이 보유 코인 목록에 추가되었습니다. (수량: 0.356000, 가치: 1585.65USDT)
2025-08-16 16:53:15,514 - INFO - ✅ SUIUSDT 포지션이 보유 코인 목록에 추가되었습니다. (수량: 830.700000, 가치: 3093.11USDT)
2025-08-16 16:53:15,605 - INFO - ✅ BNBUSDT 포지션이 보유 코인 목록에 추가되었습니다. (수량: 1.920000, 가치: 1605.22USDT)
2025-08-16 16:53:15,701 - INFO - ✅ DOGEUSDT 포지션이 보유 코인 목록에 추가되었습니다. (수량: 3415.000000, 가치: 796.04USDT)
2025-08-16 16:53:15,793 - INFO - ✅ XRPUSDT 포지션이 보유 코인 목록에 추가되었습니다. (수량: 756.000000, 가치: 2359.78USDT)
2025-08-16 16:53:15,888 - INFO - ✅ ADAUSDT 포지션이 보유 코인 목록에 추가되었습니다. (수량: 829.000000, 가치: 797.50USDT)
2025-08-16 16:53:15,888 - INFO - [common_utils.py] 최종 보유 중인 코인 수: 8개
2025-08-16 16:53:15,892 - INFO - ⚙️ 실제 보유 현황과 로그 파일의 동기화를 시작합니다...
2025-08-16 16:53:15,893 - INFO - ✅ 모든 보유 코인이 로그 파일과 동기화되어 있습니다.
2025-08-16 16:53:16,645 - INFO - [sell_entry.py] 카지노 매매 전략 - 매도 로직 시작 (선주문 방식)
2025-08-16 16:53:16,646 - INFO - [sell_entry.py] setting.csv 불러오는 중
2025-08-16 16:53:16,647 - INFO - [common_utils.py] 현재 보유 자산 조회 중...
2025-08-16 16:53:16,648 - INFO - 💰 바이낸스 선물 계좌 정보 조회 시도 중...
2025-08-16 16:53:16,697 - INFO - ✅ USDT 사용 가능 잔고: 6549.75 USDT
2025-08-16 16:53:16,744 - INFO - ✅ 현재 보유 중인 선물 포지션 수: 8개
2025-08-16 16:53:16,744 - INFO - [common_utils.py] get_accounts에서 조회된 포지션 수: 8개
2025-08-16 16:53:16,837 - INFO - ✅ TRXUSDT 포지션이 보유 코인 목록에 추가되었습니다. (수량: 2242.000000, 가치: 792.97USDT)
2025-08-16 16:53:16,942 - INFO - ✅ SOLUSDT 포지션이 보유 코인 목록에 추가되었습니다. (수량: 16.460000, 가치: 3114.40USDT)
2025-08-16 16:53:17,035 - INFO - ✅ ETHUSDT 포지션이 보유 코인 목록에 추가되었습니다. (수량: 0.356000, 가치: 1585.53USDT)
2025-08-16 16:53:17,126 - INFO - ✅ SUIUSDT 포지션이 보유 코인 목록에 추가되었습니다. (수량: 830.700000, 가치: 3092.86USDT)
2025-08-16 16:53:17,224 - INFO - ✅ BNBUSDT 포지션이 보유 코인 목록에 추가되었습니다. (수량: 1.920000, 가치: 1605.22USDT)
2025-08-16 16:53:17,318 - INFO - ✅ DOGEUSDT 포지션이 보유 코인 목록에 추가되었습니다. (수량: 3415.000000, 가치: 795.97USDT)
2025-08-16 16:53:17,410 - INFO - ✅ XRPUSDT 포지션이 보유 코인 목록에 추가되었습니다. (수량: 756.000000, 가치: 2359.63USDT)
2025-08-16 16:53:17,503 - INFO - ✅ ADAUSDT 포지션이 보유 코인 목록에 추가되었습니다. (수량: 829.000000, 가치: 797.42USDT)
2025-08-16 16:53:17,503 - INFO - [common_utils.py] 최종 보유 중인 코인 수: 8개
2025-08-16 16:53:17,506 - INFO - [sell_entry.py] sell_log.csv 주문 상태 확인 및 정리 중...
2025-08-16 16:53:17,851 - INFO - [sell_entry.py] sell_log.csv에 변경사항 없음.
2025-08-16 16:53:17,857 - INFO - [sell_entry.py] 신규/정정 매도 주문이 없습니다. 현재 상태를 유지합니다.
2025-08-16 16:53:17,858 - INFO - [sell_entry.py] 매도 전략 흐름 종료
2025-08-16 16:53:17,859 - INFO - ==================== 사이클 종료, 5초 대기 ====================

2025-08-16 16:53:22,860 - INFO - ==================== 새로운 사이클 시작 ====================
2025-08-16 16:53:22,862 - INFO - [common_utils.py] 현재 보유 자산 조회 중...
2025-08-16 16:53:22,862 - INFO - 💰 바이낸스 선물 계좌 정보 조회 시도 중...
2025-08-16 16:53:22,905 - INFO - ✅ USDT 사용 가능 잔고: 6549.57 USDT
2025-08-16 16:53:22,950 - INFO - ✅ 현재 보유 중인 선물 포지션 수: 8개
2025-08-16 16:53:22,950 - INFO - [common_utils.py] get_accounts에서 조회된 포지션 수: 8개
2025-08-16 16:53:23,041 - INFO - ✅ TRXUSDT 포지션이 보유 코인 목록에 추가되었습니다. (수량: 2242.000000, 가치: 792.88USDT)
2025-08-16 16:53:23,134 - INFO - ✅ SOLUSDT 포지션이 보유 코인 목록에 추가되었습니다. (수량: 16.460000, 가치: 3114.56USDT)
2025-08-16 16:53:23,227 - INFO - ✅ ETHUSDT 포지션이 보유 코인 목록에 추가되었습니다. (수량: 0.356000, 가치: 1585.48USDT)
2025-08-16 16:53:23,322 - INFO - ✅ SUIUSDT 포지션이 보유 코인 목록에 추가되었습니다. (수량: 830.700000, 가치: 3092.78USDT)
2025-08-16 16:53:23,417 - INFO - ✅ BNBUSDT 포지션이 보유 코인 목록에 추가되었습니다. (수량: 1.920000, 가치: 1605.22USDT)
2025-08-16 16:53:23,510 - INFO - ✅ DOGEUSDT 포지션이 보유 코인 목록에 추가되었습니다. (수량: 3415.000000, 가치: 795.76USDT)
2025-08-16 16:53:23,606 - INFO - ✅ XRPUSDT 포지션이 보유 코인 목록에 추가되었습니다. (수량: 756.000000, 가치: 2359.85USDT)
2025-08-16 16:53:23,698 - INFO - ✅ ADAUSDT 포지션이 보유 코인 목록에 추가되었습니다. (수량: 829.000000, 가치: 797.50USDT)
2025-08-16 16:53:23,699 - INFO - [common_utils.py] 최종 보유 중인 코인 수: 8개
2025-08-16 16:53:23,703 - INFO - ⚙️ 실제 보유 현황과 로그 파일의 동기화를 시작합니다...
2025-08-16 16:53:23,703 - INFO - ✅ 모든 보유 코인이 로그 파일과 동기화되어 있습니다.
2025-08-16 16:53:24,453 - INFO - [sell_entry.py] 카지노 매매 전략 - 매도 로직 시작 (선주문 방식)
2025-08-16 16:53:24,453 - INFO - [sell_entry.py] setting.csv 불러오는 중
2025-08-16 16:53:24,454 - INFO - [common_utils.py] 현재 보유 자산 조회 중...
2025-08-16 16:53:24,454 - INFO - 💰 바이낸스 선물 계좌 정보 조회 시도 중...
2025-08-16 16:53:24,499 - INFO - ✅ USDT 사용 가능 잔고: 6550.19 USDT
2025-08-16 16:53:24,565 - INFO - ✅ 현재 보유 중인 선물 포지션 수: 8개
2025-08-16 16:53:24,565 - INFO - [common_utils.py] get_accounts에서 조회된 포지션 수: 8개
2025-08-16 16:53:24,658 - INFO - ✅ TRXUSDT 포지션이 보유 코인 목록에 추가되었습니다. (수량: 2242.000000, 가치: 793.02USDT)
2025-08-16 16:53:24,750 - INFO - ✅ SOLUSDT 포지션이 보유 코인 목록에 추가되었습니다. (수량: 16.460000, 가치: 3115.22USDT)
2025-08-16 16:53:24,844 - INFO - ✅ ETHUSDT 포지션이 보유 코인 목록에 추가되었습니다. (수량: 0.356000, 가치: 1585.71USDT)
2025-08-16 16:53:24,936 - INFO - ✅ SUIUSDT 포지션이 보유 코인 목록에 추가되었습니다. (수량: 830.700000, 가치: 3092.78USDT)
2025-08-16 16:53:25,030 - INFO - ✅ BNBUSDT 포지션이 보유 코인 목록에 추가되었습니다. (수량: 1.920000, 가치: 1605.50USDT)
2025-08-16 16:53:25,122 - INFO - ✅ DOGEUSDT 포지션이 보유 코인 목록에 추가되었습니다. (수량: 3415.000000, 가치: 795.80USDT)
2025-08-16 16:53:25,218 - INFO - ✅ XRPUSDT 포지션이 보유 코인 목록에 추가되었습니다. (수량: 756.000000, 가치: 2360.53USDT)
2025-08-16 16:53:25,309 - INFO - ✅ ADAUSDT 포지션이 보유 코인 목록에 추가되었습니다. (수량: 829.000000, 가치: 798.00USDT)
2025-08-16 16:53:25,309 - INFO - [common_utils.py] 최종 보유 중인 코인 수: 8개
2025-08-16 16:53:25,312 - INFO - [sell_entry.py] sell_log.csv 주문 상태 확인 및 정리 중...
2025-08-16 16:53:25,660 - INFO - [sell_entry.py] sell_log.csv에 변경사항 없음.
2025-08-16 16:53:25,666 - INFO - [sell_entry.py] 신규/정정 매도 주문이 없습니다. 현재 상태를 유지합니다.
2025-08-16 16:53:25,668 - INFO - [sell_entry.py] 매도 전략 흐름 종료
2025-08-16 16:53:25,668 - INFO - ==================== 사이클 종료, 5초 대기 ====================

2025-08-16 16:53:30,668 - INFO - ==================== 새로운 사이클 시작 ====================
2025-08-16 16:53:30,671 - INFO - [common_utils.py] 현재 보유 자산 조회 중...
2025-08-16 16:53:30,671 - INFO - 💰 바이낸스 선물 계좌 정보 조회 시도 중...
2025-08-16 16:53:30,714 - INFO - ✅ USDT 사용 가능 잔고: 6553.82 USDT
2025-08-16 16:53:30,759 - INFO - ✅ 현재 보유 중인 선물 포지션 수: 8개
2025-08-16 16:53:30,759 - INFO - [common_utils.py] get_accounts에서 조회된 포지션 수: 8개
2025-08-16 16:53:30,849 - INFO - ✅ TRXUSDT 포지션이 보유 코인 목록에 추가되었습니다. (수량: 2242.000000, 가치: 793.09USDT)
2025-08-16 16:53:30,941 - INFO - ✅ SOLUSDT 포지션이 보유 코인 목록에 추가되었습니다. (수량: 16.460000, 가치: 3115.22USDT)
2025-08-16 16:53:31,035 - INFO - ✅ ETHUSDT 포지션이 보유 코인 목록에 추가되었습니다. (수량: 0.356000, 가치: 1586.28USDT)
2025-08-16 16:53:31,130 - INFO - ✅ SUIUSDT 포지션이 보유 코인 목록에 추가되었습니다. (수량: 830.700000, 가치: 3094.03USDT)
2025-08-16 16:53:31,224 - INFO - ✅ BNBUSDT 포지션이 보유 코인 목록에 추가되었습니다. (수량: 1.920000, 가치: 1605.73USDT)
2025-08-16 16:53:31,319 - INFO - ✅ DOGEUSDT 포지션이 보유 코인 목록에 추가되었습니다. (수량: 3415.000000, 가치: 796.04USDT)
2025-08-16 16:53:31,409 - INFO - ✅ XRPUSDT 포지션이 보유 코인 목록에 추가되었습니다. (수량: 756.000000, 가치: 2360.53USDT)
2025-08-16 16:53:31,500 - INFO - ✅ ADAUSDT 포지션이 보유 코인 목록에 추가되었습니다. (수량: 829.000000, 가치: 798.08USDT)
2025-08-16 16:53:31,500 - INFO - [common_utils.py] 최종 보유 중인 코인 수: 8개
2025-08-16 16:53:31,504 - INFO - ⚙️ 실제 보유 현황과 로그 파일의 동기화를 시작합니다...
2025-08-16 16:53:31,504 - INFO - ✅ 모든 보유 코인이 로그 파일과 동기화되어 있습니다.
2025-08-16 16:53:32,260 - INFO - [sell_entry.py] 카지노 매매 전략 - 매도 로직 시작 (선주문 방식)
2025-08-16 16:53:32,260 - INFO - [sell_entry.py] setting.csv 불러오는 중
2025-08-16 16:53:32,261 - INFO - [common_utils.py] 현재 보유 자산 조회 중...
2025-08-16 16:53:32,262 - INFO - 💰 바이낸스 선물 계좌 정보 조회 시도 중...
2025-08-16 16:53:32,307 - INFO - ✅ USDT 사용 가능 잔고: 6554.26 USDT
2025-08-16 16:53:32,352 - INFO - ✅ 현재 보유 중인 선물 포지션 수: 8개
2025-08-16 16:53:32,352 - INFO - [common_utils.py] get_accounts에서 조회된 포지션 수: 8개
2025-08-16 16:53:32,444 - INFO - ✅ TRXUSDT 포지션이 보유 코인 목록에 추가되었습니다. (수량: 2242.000000, 가치: 793.09USDT)
2025-08-16 16:53:32,537 - INFO - ✅ SOLUSDT 포지션이 보유 코인 목록에 추가되었습니다. (수량: 16.460000, 가치: 3115.22USDT)
2025-08-16 16:53:32,631 - INFO - ✅ ETHUSDT 포지션이 보유 코인 목록에 추가되었습니다. (수량: 0.356000, 가치: 1586.28USDT)
2025-08-16 16:53:32,730 - INFO - ✅ SUIUSDT 포지션이 보유 코인 목록에 추가되었습니다. (수량: 830.700000, 가치: 3094.03USDT)
2025-08-16 16:53:32,829 - INFO - ✅ BNBUSDT 포지션이 보유 코인 목록에 추가되었습니다. (수량: 1.920000, 가치: 1605.73USDT)
2025-08-16 16:53:32,922 - INFO - ✅ DOGEUSDT 포지션이 보유 코인 목록에 추가되었습니다. (수량: 3415.000000, 가치: 796.04USDT)
2025-08-16 16:53:33,024 - INFO - ✅ XRPUSDT 포지션이 보유 코인 목록에 추가되었습니다. (수량: 756.000000, 가치: 2360.53USDT)
2025-08-16 16:53:33,114 - INFO - ✅ ADAUSDT 포지션이 보유 코인 목록에 추가되었습니다. (수량: 829.000000, 가치: 798.08USDT)
2025-08-16 16:53:33,114 - INFO - [common_utils.py] 최종 보유 중인 코인 수: 8개
2025-08-16 16:53:33,116 - INFO - [sell_entry.py] sell_log.csv 주문 상태 확인 및 정리 중...
2025-08-16 16:53:33,464 - INFO - [sell_entry.py] sell_log.csv에 변경사항 없음.
2025-08-16 16:53:33,468 - INFO - [sell_entry.py] 신규/정정 매도 주문이 없습니다. 현재 상태를 유지합니다.
2025-08-16 16:53:33,470 - INFO - [sell_entry.py] 매도 전략 흐름 종료
2025-08-16 16:53:33,470 - INFO - ==================== 사이클 종료, 5초 대기 ====================

2025-08-16 16:53:38,472 - INFO - ==================== 새로운 사이클 시작 ====================
2025-08-16 16:53:38,474 - INFO - [common_utils.py] 현재 보유 자산 조회 중...
2025-08-16 16:53:38,474 - INFO - 💰 바이낸스 선물 계좌 정보 조회 시도 중...
2025-08-16 16:53:38,520 - INFO - ✅ USDT 사용 가능 잔고: 6553.34 USDT
2025-08-16 16:53:38,568 - INFO - ✅ 현재 보유 중인 선물 포지션 수: 8개
2025-08-16 16:53:38,568 - INFO - [common_utils.py] get_accounts에서 조회된 포지션 수: 8개
2025-08-16 16:53:38,662 - INFO - ✅ TRXUSDT 포지션이 보유 코인 목록에 추가되었습니다. (수량: 2242.000000, 가치: 793.09USDT)
2025-08-16 16:53:38,764 - INFO - ✅ SOLUSDT 포지션이 보유 코인 목록에 추가되었습니다. (수량: 16.460000, 가치: 3114.40USDT)
2025-08-16 16:53:38,855 - INFO - ✅ ETHUSDT 포지션이 보유 코인 목록에 추가되었습니다. (수량: 0.356000, 가치: 1585.96USDT)
2025-08-16 16:53:38,950 - INFO - ✅ SUIUSDT 포지션이 보유 코인 목록에 추가되었습니다. (수량: 830.700000, 가치: 3093.78USDT)
2025-08-16 16:53:39,040 - INFO - ✅ BNBUSDT 포지션이 보유 코인 목록에 추가되었습니다. (수량: 1.920000, 가치: 1605.68USDT)
2025-08-16 16:53:39,135 - INFO - ✅ DOGEUSDT 포지션이 보유 코인 목록에 추가되었습니다. (수량: 3415.000000, 가치: 796.34USDT)
2025-08-16 16:53:39,226 - INFO - ✅ XRPUSDT 포지션이 보유 코인 목록에 추가되었습니다. (수량: 756.000000, 가치: 2360.53USDT)
2025-08-16 16:53:39,317 - INFO - ✅ ADAUSDT 포지션이 보유 코인 목록에 추가되었습니다. (수량: 829.000000, 가치: 798.33USDT)
2025-08-16 16:53:39,317 - INFO - [common_utils.py] 최종 보유 중인 코인 수: 8개
2025-08-16 16:53:39,321 - INFO - ⚙️ 실제 보유 현황과 로그 파일의 동기화를 시작합니다...
2025-08-16 16:53:39,321 - INFO - ✅ 모든 보유 코인이 로그 파일과 동기화되어 있습니다.
2025-08-16 16:53:40,081 - INFO - [sell_entry.py] 카지노 매매 전략 - 매도 로직 시작 (선주문 방식)
2025-08-16 16:53:40,081 - INFO - [sell_entry.py] setting.csv 불러오는 중
2025-08-16 16:53:40,082 - INFO - [common_utils.py] 현재 보유 자산 조회 중...
2025-08-16 16:53:40,083 - INFO - 💰 바이낸스 선물 계좌 정보 조회 시도 중...
2025-08-16 16:53:40,129 - INFO - ✅ USDT 사용 가능 잔고: 6554.51 USDT
2025-08-16 16:53:40,173 - INFO - ✅ 현재 보유 중인 선물 포지션 수: 8개
2025-08-16 16:53:40,173 - INFO - [common_utils.py] get_accounts에서 조회된 포지션 수: 8개
2025-08-16 16:53:40,266 - INFO - ✅ TRXUSDT 포지션이 보유 코인 목록에 추가되었습니다. (수량: 2242.000000, 가치: 793.09USDT)
2025-08-16 16:53:40,358 - INFO - ✅ SOLUSDT 포지션이 보유 코인 목록에 추가되었습니다. (수량: 16.460000, 가치: 3114.40USDT)
2025-08-16 16:53:40,448 - INFO - ✅ ETHUSDT 포지션이 보유 코인 목록에 추가되었습니다. (수량: 0.356000, 가치: 1586.41USDT)
2025-08-16 16:53:40,543 - INFO - ✅ SUIUSDT 포지션이 보유 코인 목록에 추가되었습니다. (수량: 830.700000, 가치: 3094.36USDT)
2025-08-16 16:53:40,635 - INFO - ✅ BNBUSDT 포지션이 보유 코인 목록에 추가되었습니다. (수량: 1.920000, 가치: 1605.83USDT)
2025-08-16 16:53:40,729 - INFO - ✅ DOGEUSDT 포지션이 보유 코인 목록에 추가되었습니다. (수량: 3415.000000, 가치: 796.31USDT)
2025-08-16 16:53:40,826 - INFO - ✅ XRPUSDT 포지션이 보유 코인 목록에 추가되었습니다. (수량: 756.000000, 가치: 2360.53USDT)
2025-08-16 16:53:40,918 - INFO - ✅ ADAUSDT 포지션이 보유 코인 목록에 추가되었습니다. (수량: 829.000000, 가치: 798.33USDT)
2025-08-16 16:53:40,918 - INFO - [common_utils.py] 최종 보유 중인 코인 수: 8개
2025-08-16 16:53:40,920 - INFO - [sell_entry.py] sell_log.csv 주문 상태 확인 및 정리 중...
2025-08-16 16:53:41,284 - INFO - [sell_entry.py] sell_log.csv에 변경사항 없음.
2025-08-16 16:53:41,290 - INFO - [sell_entry.py] 신규/정정 매도 주문이 없습니다. 현재 상태를 유지합니다.
2025-08-16 16:53:41,292 - INFO - [sell_entry.py] 매도 전략 흐름 종료
2025-08-16 16:53:41,293 - INFO - ==================== 사이클 종료, 5초 대기 ====================

2025-08-16 16:53:46,293 - INFO - ==================== 새로운 사이클 시작 ====================
2025-08-16 16:53:46,295 - INFO - [common_utils.py] 현재 보유 자산 조회 중...
2025-08-16 16:53:46,295 - INFO - 💰 바이낸스 선물 계좌 정보 조회 시도 중...
2025-08-16 16:53:46,349 - INFO - ✅ USDT 사용 가능 잔고: 6553.18 USDT
2025-08-16 16:53:46,453 - INFO - ✅ 현재 보유 중인 선물 포지션 수: 8개
2025-08-16 16:53:46,453 - INFO - [common_utils.py] get_accounts에서 조회된 포지션 수: 8개
2025-08-16 16:53:46,546 - INFO - ✅ TRXUSDT 포지션이 보유 코인 목록에 추가되었습니다. (수량: 2242.000000, 가치: 793.09USDT)
2025-08-16 16:53:46,638 - INFO - ✅ SOLUSDT 포지션이 보유 코인 목록에 추가되었습니다. (수량: 16.460000, 가치: 3113.74USDT)
2025-08-16 16:53:46,730 - INFO - ✅ ETHUSDT 포지션이 보유 코인 목록에 추가되었습니다. (수량: 0.356000, 가치: 1586.55USDT)
2025-08-16 16:53:46,824 - INFO - ✅ SUIUSDT 포지션이 보유 코인 목록에 추가되었습니다. (수량: 830.700000, 가치: 3094.52USDT)
2025-08-16 16:53:46,919 - INFO - ✅ BNBUSDT 포지션이 보유 코인 목록에 추가되었습니다. (수량: 1.920000, 가치: 1605.68USDT)
2025-08-16 16:53:47,011 - INFO - ✅ DOGEUSDT 포지션이 보유 코인 목록에 추가되었습니다. (수량: 3415.000000, 가치: 796.38USDT)
2025-08-16 16:53:47,107 - INFO - ✅ XRPUSDT 포지션이 보유 코인 목록에 추가되었습니다. (수량: 756.000000, 가치: 2360.46USDT)
2025-08-16 16:53:47,201 - INFO - ✅ ADAUSDT 포지션이 보유 코인 목록에 추가되었습니다. (수량: 829.000000, 가치: 798.16USDT)
2025-08-16 16:53:47,201 - INFO - [common_utils.py] 최종 보유 중인 코인 수: 8개
2025-08-16 16:53:47,206 - INFO - ⚙️ 실제 보유 현황과 로그 파일의 동기화를 시작합니다...
2025-08-16 16:53:47,206 - INFO - ✅ 모든 보유 코인이 로그 파일과 동기화되어 있습니다.
2025-08-16 16:53:47,965 - INFO - [sell_entry.py] 카지노 매매 전략 - 매도 로직 시작 (선주문 방식)
2025-08-16 16:53:47,965 - INFO - [sell_entry.py] setting.csv 불러오는 중
2025-08-16 16:53:47,966 - INFO - [common_utils.py] 현재 보유 자산 조회 중...
2025-08-16 16:53:47,966 - INFO - 💰 바이낸스 선물 계좌 정보 조회 시도 중...
2025-08-16 16:53:48,015 - INFO - ✅ USDT 사용 가능 잔고: 6554.01 USDT
2025-08-16 16:53:48,062 - INFO - ✅ 현재 보유 중인 선물 포지션 수: 8개
2025-08-16 16:53:48,062 - INFO - [common_utils.py] get_accounts에서 조회된 포지션 수: 8개
2025-08-16 16:53:48,157 - INFO - ✅ TRXUSDT 포지션이 보유 코인 목록에 추가되었습니다. (수량: 2242.000000, 가치: 793.09USDT)
2025-08-16 16:53:48,250 - INFO - ✅ SOLUSDT 포지션이 보유 코인 목록에 추가되었습니다. (수량: 16.460000, 가치: 3113.74USDT)
2025-08-16 16:53:48,341 - INFO - ✅ ETHUSDT 포지션이 보유 코인 목록에 추가되었습니다. (수량: 0.356000, 가치: 1586.55USDT)
2025-08-16 16:53:48,439 - INFO - ✅ SUIUSDT 포지션이 보유 코인 목록에 추가되었습니다. (수량: 830.700000, 가치: 3094.44USDT)
2025-08-16 16:53:48,534 - INFO - ✅ BNBUSDT 포지션이 보유 코인 목록에 추가되었습니다. (수량: 1.920000, 가치: 1605.68USDT)
2025-08-16 16:53:48,626 - INFO - ✅ DOGEUSDT 포지션이 보유 코인 목록에 추가되었습니다. (수량: 3415.000000, 가치: 796.38USDT)
2025-08-16 16:53:48,726 - INFO - ✅ XRPUSDT 포지션이 보유 코인 목록에 추가되었습니다. (수량: 756.000000, 가치: 2360.46USDT)
2025-08-16 16:53:48,822 - INFO - ✅ ADAUSDT 포지션이 보유 코인 목록에 추가되었습니다. (수량: 829.000000, 가치: 798.16USDT)
2025-08-16 16:53:48,823 - INFO - [common_utils.py] 최종 보유 중인 코인 수: 8개
2025-08-16 16:53:48,825 - INFO - [sell_entry.py] sell_log.csv 주문 상태 확인 및 정리 중...
2025-08-16 16:53:49,175 - INFO - [sell_entry.py] sell_log.csv에 변경사항 없음.
2025-08-16 16:53:49,180 - INFO - [sell_entry.py] 신규/정정 매도 주문이 없습니다. 현재 상태를 유지합니다.
2025-08-16 16:53:49,181 - INFO - [sell_entry.py] 매도 전략 흐름 종료
2025-08-16 16:53:49,181 - INFO - ==================== 사이클 종료, 5초 대기 ====================

2025-08-16 16:53:54,182 - INFO - ==================== 새로운 사이클 시작 ====================
2025-08-16 16:53:54,184 - INFO - [common_utils.py] 현재 보유 자산 조회 중...
2025-08-16 16:53:54,184 - INFO - 💰 바이낸스 선물 계좌 정보 조회 시도 중...
2025-08-16 16:53:54,240 - INFO - ✅ USDT 사용 가능 잔고: 6553.29 USDT
2025-08-16 16:53:54,287 - INFO - ✅ 현재 보유 중인 선물 포지션 수: 8개
2025-08-16 16:53:54,287 - INFO - [common_utils.py] get_accounts에서 조회된 포지션 수: 8개
2025-08-16 16:53:54,383 - INFO - ✅ TRXUSDT 포지션이 보유 코인 목록에 추가되었습니다. (수량: 2242.000000, 가치: 793.09USDT)
2025-08-16 16:53:54,478 - INFO - ✅ SOLUSDT 포지션이 보유 코인 목록에 추가되었습니다. (수량: 16.460000, 가치: 3114.40USDT)
2025-08-16 16:53:54,571 - INFO - ✅ ETHUSDT 포지션이 보유 코인 목록에 추가되었습니다. (수량: 0.356000, 가치: 1586.34USDT)
2025-08-16 16:53:54,662 - INFO - ✅ SUIUSDT 포지션이 보유 코인 목록에 추가되었습니다. (수량: 830.700000, 가치: 3094.03USDT)
2025-08-16 16:53:54,755 - INFO - ✅ BNBUSDT 포지션이 보유 코인 목록에 추가되었습니다. (수량: 1.920000, 가치: 1605.81USDT)
2025-08-16 16:53:54,845 - INFO - ✅ DOGEUSDT 포지션이 보유 코인 목록에 추가되었습니다. (수량: 3415.000000, 가치: 796.34USDT)
2025-08-16 16:53:54,937 - INFO - ✅ XRPUSDT 포지션이 보유 코인 목록에 추가되었습니다. (수량: 756.000000, 가치: 2360.46USDT)
2025-08-16 16:53:55,029 - INFO - ✅ ADAUSDT 포지션이 보유 코인 목록에 추가되었습니다. (수량: 829.000000, 가치: 798.08USDT)
2025-08-16 16:53:55,029 - INFO - [common_utils.py] 최종 보유 중인 코인 수: 8개
2025-08-16 16:53:55,034 - INFO - ⚙️ 실제 보유 현황과 로그 파일의 동기화를 시작합니다...
2025-08-16 16:53:55,035 - INFO - ✅ 모든 보유 코인이 로그 파일과 동기화되어 있습니다.
2025-08-16 16:53:55,794 - INFO - [sell_entry.py] 카지노 매매 전략 - 매도 로직 시작 (선주문 방식)
2025-08-16 16:53:55,794 - INFO - [sell_entry.py] setting.csv 불러오는 중
2025-08-16 16:53:55,795 - INFO - [common_utils.py] 현재 보유 자산 조회 중...
2025-08-16 16:53:55,796 - INFO - 💰 바이낸스 선물 계좌 정보 조회 시도 중...
2025-08-16 16:53:55,840 - INFO - ✅ USDT 사용 가능 잔고: 6553.88 USDT
2025-08-16 16:53:55,885 - INFO - ✅ 현재 보유 중인 선물 포지션 수: 8개
2025-08-16 16:53:55,886 - INFO - [common_utils.py] get_accounts에서 조회된 포지션 수: 8개
2025-08-16 16:53:55,978 - INFO - ✅ TRXUSDT 포지션이 보유 코인 목록에 추가되었습니다. (수량: 2242.000000, 가치: 793.09USDT)
2025-08-16 16:53:56,072 - INFO - ✅ SOLUSDT 포지션이 보유 코인 목록에 추가되었습니다. (수량: 16.460000, 가치: 3114.73USDT)
2025-08-16 16:53:56,164 - INFO - ✅ ETHUSDT 포지션이 보유 코인 목록에 추가되었습니다. (수량: 0.356000, 가치: 1586.34USDT)
2025-08-16 16:53:56,257 - INFO - ✅ SUIUSDT 포지션이 보유 코인 목록에 추가되었습니다. (수량: 830.700000, 가치: 3094.03USDT)
2025-08-16 16:53:56,351 - INFO - ✅ BNBUSDT 포지션이 보유 코인 목록에 추가되었습니다. (수량: 1.920000, 가치: 1605.81USDT)
2025-08-16 16:53:56,445 - INFO - ✅ DOGEUSDT 포지션이 보유 코인 목록에 추가되었습니다. (수량: 3415.000000, 가치: 796.34USDT)
2025-08-16 16:53:56,536 - INFO - ✅ XRPUSDT 포지션이 보유 코인 목록에 추가되었습니다. (수량: 756.000000, 가치: 2360.46USDT)
2025-08-16 16:53:56,629 - INFO - ✅ ADAUSDT 포지션이 보유 코인 목록에 추가되었습니다. (수량: 829.000000, 가치: 798.08USDT)
2025-08-16 16:53:56,629 - INFO - [common_utils.py] 최종 보유 중인 코인 수: 8개
2025-08-16 16:53:56,634 - INFO - [sell_entry.py] sell_log.csv 주문 상태 확인 및 정리 중...
2025-08-16 16:53:57,046 - INFO - [sell_entry.py] sell_log.csv에 변경사항 없음.
2025-08-16 16:53:57,051 - INFO - [sell_entry.py] 신규/정정 매도 주문이 없습니다. 현재 상태를 유지합니다.
2025-08-16 16:53:57,052 - INFO - [sell_entry.py] 매도 전략 흐름 종료
2025-08-16 16:53:57,052 - INFO - ==================== 사이클 종료, 5초 대기 ====================

2025-08-16 16:54:02,053 - INFO - ==================== 새로운 사이클 시작 ====================
2025-08-16 16:54:02,055 - INFO - [common_utils.py] 현재 보유 자산 조회 중...
2025-08-16 16:54:02,055 - INFO - 💰 바이낸스 선물 계좌 정보 조회 시도 중...
2025-08-16 16:54:02,110 - INFO - ✅ USDT 사용 가능 잔고: 6556.54 USDT
2025-08-16 16:54:02,153 - INFO - ✅ 현재 보유 중인 선물 포지션 수: 8개
2025-08-16 16:54:02,153 - INFO - [common_utils.py] get_accounts에서 조회된 포지션 수: 8개
2025-08-16 16:54:02,247 - INFO - ✅ TRXUSDT 포지션이 보유 코인 목록에 추가되었습니다. (수량: 2242.000000, 가치: 793.00USDT)
2025-08-16 16:54:02,339 - INFO - ✅ SOLUSDT 포지션이 보유 코인 목록에 추가되었습니다. (수량: 16.460000, 가치: 3115.22USDT)
2025-08-16 16:54:02,432 - INFO - ✅ ETHUSDT 포지션이 보유 코인 목록에 추가되었습니다. (수량: 0.356000, 가치: 1586.78USDT)
2025-08-16 16:54:02,526 - INFO - ✅ SUIUSDT 포지션이 보유 코인 목록에 추가되었습니다. (수량: 830.700000, 가치: 3094.44USDT)
2025-08-16 16:54:02,617 - INFO - ✅ BNBUSDT 포지션이 보유 코인 목록에 추가되었습니다. (수량: 1.920000, 가치: 1605.89USDT)
2025-08-16 16:54:02,709 - INFO - ✅ DOGEUSDT 포지션이 보유 코인 목록에 추가되었습니다. (수량: 3415.000000, 가치: 796.75USDT)
2025-08-16 16:54:02,800 - INFO - ✅ XRPUSDT 포지션이 보유 코인 목록에 추가되었습니다. (수량: 756.000000, 가치: 2360.91USDT)
2025-08-16 16:54:02,896 - INFO - ✅ ADAUSDT 포지션이 보유 코인 목록에 추가되었습니다. (수량: 829.000000, 가치: 798.08USDT)
2025-08-16 16:54:02,896 - INFO - [common_utils.py] 최종 보유 중인 코인 수: 8개
2025-08-16 16:54:02,904 - INFO - ⚙️ 실제 보유 현황과 로그 파일의 동기화를 시작합니다...
2025-08-16 16:54:02,904 - INFO - ✅ 모든 보유 코인이 로그 파일과 동기화되어 있습니다.
2025-08-16 16:54:03,663 - INFO - [sell_entry.py] 카지노 매매 전략 - 매도 로직 시작 (선주문 방식)
2025-08-16 16:54:03,663 - INFO - [sell_entry.py] setting.csv 불러오는 중
2025-08-16 16:54:03,665 - INFO - [common_utils.py] 현재 보유 자산 조회 중...
2025-08-16 16:54:03,665 - INFO - 💰 바이낸스 선물 계좌 정보 조회 시도 중...
2025-08-16 16:54:03,712 - INFO - ✅ USDT 사용 가능 잔고: 6556.77 USDT
2025-08-16 16:54:03,753 - INFO - ✅ 현재 보유 중인 선물 포지션 수: 8개
2025-08-16 16:54:03,754 - INFO - [common_utils.py] get_accounts에서 조회된 포지션 수: 8개
2025-08-16 16:54:03,845 - INFO - ✅ TRXUSDT 포지션이 보유 코인 목록에 추가되었습니다. (수량: 2242.000000, 가치: 793.00USDT)
2025-08-16 16:54:03,938 - INFO - ✅ SOLUSDT 포지션이 보유 코인 목록에 추가되었습니다. (수량: 16.460000, 가치: 3115.22USDT)
2025-08-16 16:54:04,033 - INFO - ✅ ETHUSDT 포지션이 보유 코인 목록에 추가되었습니다. (수량: 0.356000, 가치: 1586.78USDT)
2025-08-16 16:54:04,125 - INFO - ✅ SUIUSDT 포지션이 보유 코인 목록에 추가되었습니다. (수량: 830.700000, 가치: 3094.52USDT)
2025-08-16 16:54:04,217 - INFO - ✅ BNBUSDT 포지션이 보유 코인 목록에 추가되었습니다. (수량: 1.920000, 가치: 1605.89USDT)
2025-08-16 16:54:04,311 - INFO - ✅ DOGEUSDT 포지션이 보유 코인 목록에 추가되었습니다. (수량: 3415.000000, 가치: 796.75USDT)
2025-08-16 16:54:04,406 - INFO - ✅ XRPUSDT 포지션이 보유 코인 목록에 추가되었습니다. (수량: 756.000000, 가치: 2360.91USDT)
2025-08-16 16:54:04,500 - INFO - ✅ ADAUSDT 포지션이 보유 코인 목록에 추가되었습니다. (수량: 829.000000, 가치: 798.41USDT)
2025-08-16 16:54:04,500 - INFO - [common_utils.py] 최종 보유 중인 코인 수: 8개
2025-08-16 16:54:04,504 - INFO - [sell_entry.py] sell_log.csv 주문 상태 확인 및 정리 중...
2025-08-16 16:54:04,856 - INFO - [sell_entry.py] sell_log.csv에 변경사항 없음.
2025-08-16 16:54:04,863 - INFO - [sell_entry.py] 신규/정정 매도 주문이 없습니다. 현재 상태를 유지합니다.
2025-08-16 16:54:04,865 - INFO - [sell_entry.py] 매도 전략 흐름 종료
2025-08-16 16:54:04,865 - INFO - ==================== 사이클 종료, 5초 대기 ====================

2025-08-16 16:54:09,866 - INFO - ==================== 새로운 사이클 시작 ====================
2025-08-16 16:54:09,868 - INFO - [common_utils.py] 현재 보유 자산 조회 중...
2025-08-16 16:54:09,868 - INFO - 💰 바이낸스 선물 계좌 정보 조회 시도 중...
2025-08-16 16:54:09,911 - INFO - ✅ USDT 사용 가능 잔고: 6558.09 USDT
2025-08-16 16:54:09,956 - INFO - ✅ 현재 보유 중인 선물 포지션 수: 8개
2025-08-16 16:54:09,956 - INFO - [common_utils.py] get_accounts에서 조회된 포지션 수: 8개
2025-08-16 16:54:10,045 - INFO - ✅ TRXUSDT 포지션이 보유 코인 목록에 추가되었습니다. (수량: 2242.000000, 가치: 793.11USDT)
2025-08-16 16:54:10,140 - INFO - ✅ SOLUSDT 포지션이 보유 코인 목록에 추가되었습니다. (수량: 16.460000, 가치: 3116.04USDT)
2025-08-16 16:54:10,233 - INFO - ✅ ETHUSDT 포지션이 보유 코인 목록에 추가되었습니다. (수량: 0.356000, 가치: 1587.12USDT)
2025-08-16 16:54:10,323 - INFO - ✅ SUIUSDT 포지션이 보유 코인 목록에 추가되었습니다. (수량: 830.700000, 가치: 3094.94USDT)
2025-08-16 16:54:10,472 - INFO - ✅ BNBUSDT 포지션이 보유 코인 목록에 추가되었습니다. (수량: 1.920000, 가치: 1605.98USDT)
2025-08-16 16:54:10,565 - INFO - ✅ DOGEUSDT 포지션이 보유 코인 목록에 추가되었습니다. (수량: 3415.000000, 가치: 796.86USDT)
2025-08-16 16:54:10,658 - INFO - ✅ XRPUSDT 포지션이 보유 코인 목록에 추가되었습니다. (수량: 756.000000, 가치: 2360.84USDT)
2025-08-16 16:54:10,755 - INFO - ✅ ADAUSDT 포지션이 보유 코인 목록에 추가되었습니다. (수량: 829.000000, 가치: 798.74USDT)
2025-08-16 16:54:10,755 - INFO - [common_utils.py] 최종 보유 중인 코인 수: 8개
2025-08-16 16:54:10,759 - INFO - ⚙️ 실제 보유 현황과 로그 파일의 동기화를 시작합니다...
2025-08-16 16:54:10,760 - INFO - ✅ 모든 보유 코인이 로그 파일과 동기화되어 있습니다.
2025-08-16 16:54:11,526 - INFO - [sell_entry.py] 카지노 매매 전략 - 매도 로직 시작 (선주문 방식)
2025-08-16 16:54:11,526 - INFO - [sell_entry.py] setting.csv 불러오는 중
2025-08-16 16:54:11,528 - INFO - [common_utils.py] 현재 보유 자산 조회 중...
2025-08-16 16:54:11,528 - INFO - 💰 바이낸스 선물 계좌 정보 조회 시도 중...
2025-08-16 16:54:11,571 - INFO - ✅ USDT 사용 가능 잔고: 6558.68 USDT
2025-08-16 16:54:11,618 - INFO - ✅ 현재 보유 중인 선물 포지션 수: 8개
2025-08-16 16:54:11,618 - INFO - [common_utils.py] get_accounts에서 조회된 포지션 수: 8개
2025-08-16 16:54:11,708 - INFO - ✅ TRXUSDT 포지션이 보유 코인 목록에 추가되었습니다. (수량: 2242.000000, 가치: 793.11USDT)
2025-08-16 16:54:11,803 - INFO - ✅ SOLUSDT 포지션이 보유 코인 목록에 추가되었습니다. (수량: 16.460000, 가치: 3116.04USDT)
2025-08-16 16:54:11,893 - INFO - ✅ ETHUSDT 포지션이 보유 코인 목록에 추가되었습니다. (수량: 0.356000, 가치: 1587.12USDT)
2025-08-16 16:54:11,984 - INFO - ✅ SUIUSDT 포지션이 보유 코인 목록에 추가되었습니다. (수량: 830.700000, 가치: 3094.94USDT)
2025-08-16 16:54:12,077 - INFO - ✅ BNBUSDT 포지션이 보유 코인 목록에 추가되었습니다. (수량: 1.920000, 가치: 1605.98USDT)
2025-08-16 16:54:12,171 - INFO - ✅ DOGEUSDT 포지션이 보유 코인 목록에 추가되었습니다. (수량: 3415.000000, 가치: 796.86USDT)
2025-08-16 16:54:12,261 - INFO - ✅ XRPUSDT 포지션이 보유 코인 목록에 추가되었습니다. (수량: 756.000000, 가치: 2360.91USDT)
2025-08-16 16:54:12,356 - INFO - ✅ ADAUSDT 포지션이 보유 코인 목록에 추가되었습니다. (수량: 829.000000, 가치: 798.74USDT)
2025-08-16 16:54:12,356 - INFO - [common_utils.py] 최종 보유 중인 코인 수: 8개
2025-08-16 16:54:12,358 - INFO - [sell_entry.py] sell_log.csv 주문 상태 확인 및 정리 중...
2025-08-16 16:54:12,726 - INFO - [sell_entry.py] sell_log.csv에 변경사항 없음.
2025-08-16 16:54:12,732 - INFO - [sell_entry.py] 신규/정정 매도 주문이 없습니다. 현재 상태를 유지합니다.
2025-08-16 16:54:12,733 - INFO - [sell_entry.py] 매도 전략 흐름 종료
2025-08-16 16:54:12,733 - INFO - ==================== 사이클 종료, 5초 대기 ====================

2025-08-16 16:54:17,735 - INFO - ==================== 새로운 사이클 시작 ====================
2025-08-16 16:54:17,736 - INFO - [common_utils.py] 현재 보유 자산 조회 중...
2025-08-16 16:54:17,737 - INFO - 💰 바이낸스 선물 계좌 정보 조회 시도 중...
2025-08-16 16:54:17,781 - INFO - ✅ USDT 사용 가능 잔고: 6559.91 USDT
2025-08-16 16:54:17,822 - INFO - ✅ 현재 보유 중인 선물 포지션 수: 8개
2025-08-16 16:54:17,822 - INFO - [common_utils.py] get_accounts에서 조회된 포지션 수: 8개
2025-08-16 16:54:17,913 - INFO - ✅ TRXUSDT 포지션이 보유 코인 목록에 추가되었습니다. (수량: 2242.000000, 가치: 793.11USDT)
2025-08-16 16:54:18,010 - INFO - ✅ SOLUSDT 포지션이 보유 코인 목록에 추가되었습니다. (수량: 16.460000, 가치: 3116.04USDT)
2025-08-16 16:54:18,104 - INFO - ✅ ETHUSDT 포지션이 보유 코인 목록에 추가되었습니다. (수량: 0.356000, 가치: 1587.34USDT)
2025-08-16 16:54:18,197 - INFO - ✅ SUIUSDT 포지션이 보유 코인 목록에 추가되었습니다. (수량: 830.700000, 가치: 3095.69USDT)
2025-08-16 16:54:18,290 - INFO - ✅ BNBUSDT 포지션이 보유 코인 목록에 추가되었습니다. (수량: 1.920000, 가치: 1606.10USDT)
2025-08-16 16:54:18,381 - INFO - ✅ DOGEUSDT 포지션이 보유 코인 목록에 추가되었습니다. (수량: 3415.000000, 가치: 796.96USDT)
2025-08-16 16:54:18,479 - INFO - ✅ XRPUSDT 포지션이 보유 코인 목록에 추가되었습니다. (수량: 756.000000, 가치: 2360.99USDT)
2025-08-16 16:54:18,574 - INFO - ✅ ADAUSDT 포지션이 보유 코인 목록에 추가되었습니다. (수량: 829.000000, 가치: 798.82USDT)
2025-08-16 16:54:18,574 - INFO - [common_utils.py] 최종 보유 중인 코인 수: 8개
2025-08-16 16:54:18,579 - INFO - ⚙️ 실제 보유 현황과 로그 파일의 동기화를 시작합니다...
2025-08-16 16:54:18,579 - INFO - ✅ 모든 보유 코인이 로그 파일과 동기화되어 있습니다.
2025-08-16 16:54:19,363 - INFO - [sell_entry.py] 카지노 매매 전략 - 매도 로직 시작 (선주문 방식)
2025-08-16 16:54:19,363 - INFO - [sell_entry.py] setting.csv 불러오는 중
2025-08-16 16:54:19,365 - INFO - [common_utils.py] 현재 보유 자산 조회 중...
2025-08-16 16:54:19,365 - INFO - 💰 바이낸스 선물 계좌 정보 조회 시도 중...
2025-08-16 16:54:19,409 - INFO - ✅ USDT 사용 가능 잔고: 6560.59 USDT
2025-08-16 16:54:19,456 - INFO - ✅ 현재 보유 중인 선물 포지션 수: 8개
2025-08-16 16:54:19,457 - INFO - [common_utils.py] get_accounts에서 조회된 포지션 수: 8개
2025-08-16 16:54:19,547 - INFO - ✅ TRXUSDT 포지션이 보유 코인 목록에 추가되었습니다. (수량: 2242.000000, 가치: 793.11USDT)
2025-08-16 16:54:19,640 - INFO - ✅ SOLUSDT 포지션이 보유 코인 목록에 추가되었습니다. (수량: 16.460000, 가치: 3116.04USDT)
2025-08-16 16:54:19,735 - INFO - ✅ ETHUSDT 포지션이 보유 코인 목록에 추가되었습니다. (수량: 0.356000, 가치: 1587.40USDT)
2025-08-16 16:54:19,826 - INFO - ✅ SUIUSDT 포지션이 보유 코인 목록에 추가되었습니다. (수량: 830.700000, 가치: 3096.02USDT)
2025-08-16 16:54:19,919 - INFO - ✅ BNBUSDT 포지션이 보유 코인 목록에 추가되었습니다. (수량: 1.920000, 가치: 1606.10USDT)
2025-08-16 16:54:20,011 - INFO - ✅ DOGEUSDT 포지션이 보유 코인 목록에 추가되었습니다. (수량: 3415.000000, 가치: 797.03USDT)
2025-08-16 16:54:20,104 - INFO - ✅ XRPUSDT 포지션이 보유 코인 목록에 추가되었습니다. (수량: 756.000000, 가치: 2361.29USDT)
2025-08-16 16:54:20,200 - INFO - ✅ ADAUSDT 포지션이 보유 코인 목록에 추가되었습니다. (수량: 829.000000, 가치: 798.99USDT)
2025-08-16 16:54:20,200 - INFO - [common_utils.py] 최종 보유 중인 코인 수: 8개
2025-08-16 16:54:20,203 - INFO - [sell_entry.py] sell_log.csv 주문 상태 확인 및 정리 중...
2025-08-16 16:54:20,569 - INFO - [sell_entry.py] sell_log.csv에 변경사항 없음.
2025-08-16 16:54:20,573 - INFO - [sell_entry.py] 신규/정정 매도 주문이 없습니다. 현재 상태를 유지합니다.
2025-08-16 16:54:20,575 - INFO - [sell_entry.py] 매도 전략 흐름 종료
2025-08-16 16:54:20,575 - INFO - ==================== 사이클 종료, 5초 대기 ====================

2025-08-16 16:54:25,575 - INFO - ==================== 새로운 사이클 시작 ====================
2025-08-16 16:54:25,579 - INFO - [common_utils.py] 현재 보유 자산 조회 중...
2025-08-16 16:54:25,579 - INFO - 💰 바이낸스 선물 계좌 정보 조회 시도 중...
2025-08-16 16:54:25,634 - INFO - ✅ USDT 사용 가능 잔고: 6560.77 USDT
2025-08-16 16:54:25,676 - INFO - ✅ 현재 보유 중인 선물 포지션 수: 8개
2025-08-16 16:54:25,676 - INFO - [common_utils.py] get_accounts에서 조회된 포지션 수: 8개
2025-08-16 16:54:25,769 - INFO - ✅ TRXUSDT 포지션이 보유 코인 목록에 추가되었습니다. (수량: 2242.000000, 가치: 793.11USDT)
2025-08-16 16:54:25,863 - INFO - ✅ SOLUSDT 포지션이 보유 코인 목록에 추가되었습니다. (수량: 16.460000, 가치: 3116.04USDT)
2025-08-16 16:54:25,958 - INFO - ✅ ETHUSDT 포지션이 보유 코인 목록에 추가되었습니다. (수량: 0.356000, 가치: 1587.13USDT)
2025-08-16 16:54:26,048 - INFO - ✅ SUIUSDT 포지션이 보유 코인 목록에 추가되었습니다. (수량: 830.700000, 가치: 3096.35USDT)
2025-08-16 16:54:26,139 - INFO - ✅ BNBUSDT 포지션이 보유 코인 목록에 추가되었습니다. (수량: 1.920000, 가치: 1606.21USDT)
2025-08-16 16:54:26,232 - INFO - ✅ DOGEUSDT 포지션이 보유 코인 목록에 추가되었습니다. (수량: 3415.000000, 가치: 796.96USDT)
2025-08-16 16:54:26,327 - INFO - ✅ XRPUSDT 포지션이 보유 코인 목록에 추가되었습니다. (수량: 756.000000, 가치: 2361.14USDT)
2025-08-16 16:54:26,426 - INFO - ✅ ADAUSDT 포지션이 보유 코인 목록에 추가되었습니다. (수량: 829.000000, 가치: 798.82USDT)
2025-08-16 16:54:26,426 - INFO - [common_utils.py] 최종 보유 중인 코인 수: 8개
2025-08-16 16:54:26,430 - INFO - ⚙️ 실제 보유 현황과 로그 파일의 동기화를 시작합니다...
2025-08-16 16:54:26,431 - INFO - ✅ 모든 보유 코인이 로그 파일과 동기화되어 있습니다.
2025-08-16 16:54:27,197 - INFO - [sell_entry.py] 카지노 매매 전략 - 매도 로직 시작 (선주문 방식)
2025-08-16 16:54:27,197 - INFO - [sell_entry.py] setting.csv 불러오는 중
2025-08-16 16:54:27,200 - INFO - [common_utils.py] 현재 보유 자산 조회 중...
2025-08-16 16:54:27,200 - INFO - 💰 바이낸스 선물 계좌 정보 조회 시도 중...
2025-08-16 16:54:27,249 - INFO - ✅ USDT 사용 가능 잔고: 6560.77 USDT
2025-08-16 16:54:27,291 - INFO - ✅ 현재 보유 중인 선물 포지션 수: 8개
2025-08-16 16:54:27,291 - INFO - [common_utils.py] get_accounts에서 조회된 포지션 수: 8개
2025-08-16 16:54:27,387 - INFO - ✅ TRXUSDT 포지션이 보유 코인 목록에 추가되었습니다. (수량: 2242.000000, 가치: 793.11USDT)
2025-08-16 16:54:27,478 - INFO - ✅ SOLUSDT 포지션이 보유 코인 목록에 추가되었습니다. (수량: 16.460000, 가치: 3115.88USDT)
2025-08-16 16:54:27,575 - INFO - ✅ ETHUSDT 포지션이 보유 코인 목록에 추가되었습니다. (수량: 0.356000, 가치: 1587.13USDT)
2025-08-16 16:54:27,675 - INFO - ✅ SUIUSDT 포지션이 보유 코인 목록에 추가되었습니다. (수량: 830.700000, 가치: 3096.35USDT)
2025-08-16 16:54:27,766 - INFO - ✅ BNBUSDT 포지션이 보유 코인 목록에 추가되었습니다. (수량: 1.920000, 가치: 1606.21USDT)
2025-08-16 16:54:27,857 - INFO - ✅ DOGEUSDT 포지션이 보유 코인 목록에 추가되었습니다. (수량: 3415.000000, 가치: 796.96USDT)
2025-08-16 16:54:27,947 - INFO - ✅ XRPUSDT 포지션이 보유 코인 목록에 추가되었습니다. (수량: 756.000000, 가치: 2361.29USDT)
2025-08-16 16:54:28,041 - INFO - ✅ ADAUSDT 포지션이 보유 코인 목록에 추가되었습니다. (수량: 829.000000, 가치: 798.74USDT)
2025-08-16 16:54:28,041 - INFO - [common_utils.py] 최종 보유 중인 코인 수: 8개
2025-08-16 16:54:28,044 - INFO - [sell_entry.py] sell_log.csv 주문 상태 확인 및 정리 중...
2025-08-16 16:54:28,459 - INFO - [sell_entry.py] sell_log.csv에 변경사항 없음.
2025-08-16 16:54:28,464 - INFO - [sell_entry.py] 신규/정정 매도 주문이 없습니다. 현재 상태를 유지합니다.
2025-08-16 16:54:28,465 - INFO - [sell_entry.py] 매도 전략 흐름 종료
2025-08-16 16:54:28,466 - INFO - ==================== 사이클 종료, 5초 대기 ====================

2025-08-16 16:54:33,466 - INFO - ==================== 새로운 사이클 시작 ====================
2025-08-16 16:54:33,468 - INFO - [common_utils.py] 현재 보유 자산 조회 중...
2025-08-16 16:54:33,468 - INFO - 💰 바이낸스 선물 계좌 정보 조회 시도 중...
2025-08-16 16:54:33,512 - INFO - ✅ USDT 사용 가능 잔고: 6562.13 USDT
2025-08-16 16:54:33,557 - INFO - ✅ 현재 보유 중인 선물 포지션 수: 8개
2025-08-16 16:54:33,557 - INFO - [common_utils.py] get_accounts에서 조회된 포지션 수: 8개
2025-08-16 16:54:33,653 - INFO - ✅ TRXUSDT 포지션이 보유 코인 목록에 추가되었습니다. (수량: 2242.000000, 가치: 793.11USDT)
2025-08-16 16:54:33,749 - INFO - ✅ SOLUSDT 포지션이 보유 코인 목록에 추가되었습니다. (수량: 16.460000, 가치: 3115.88USDT)
2025-08-16 16:54:33,845 - INFO - ✅ ETHUSDT 포지션이 보유 코인 목록에 추가되었습니다. (수량: 0.356000, 가치: 1587.27USDT)
2025-08-16 16:54:33,936 - INFO - ✅ SUIUSDT 포지션이 보유 코인 목록에 추가되었습니다. (수량: 830.700000, 가치: 3097.02USDT)
2025-08-16 16:54:34,030 - INFO - ✅ BNBUSDT 포지션이 보유 코인 목록에 추가되었습니다. (수량: 1.920000, 가치: 1606.21USDT)
2025-08-16 16:54:34,123 - INFO - ✅ DOGEUSDT 포지션이 보유 코인 목록에 추가되었습니다. (수량: 3415.000000, 가치: 797.06USDT)
2025-08-16 16:54:34,219 - INFO - ✅ XRPUSDT 포지션이 보유 코인 목록에 추가되었습니다. (수량: 756.000000, 가치: 2361.37USDT)
2025-08-16 16:54:34,309 - INFO - ✅ ADAUSDT 포지션이 보유 코인 목록에 추가되었습니다. (수량: 829.000000, 가치: 799.16USDT)
2025-08-16 16:54:34,309 - INFO - [common_utils.py] 최종 보유 중인 코인 수: 8개
2025-08-16 16:54:34,313 - INFO - ⚙️ 실제 보유 현황과 로그 파일의 동기화를 시작합니다...
2025-08-16 16:54:34,314 - INFO - ✅ 모든 보유 코인이 로그 파일과 동기화되어 있습니다.
2025-08-16 16:54:35,071 - INFO - [sell_entry.py] 카지노 매매 전략 - 매도 로직 시작 (선주문 방식)
2025-08-16 16:54:35,072 - INFO - [sell_entry.py] setting.csv 불러오는 중
2025-08-16 16:54:35,073 - INFO - [common_utils.py] 현재 보유 자산 조회 중...
2025-08-16 16:54:35,073 - INFO - 💰 바이낸스 선물 계좌 정보 조회 시도 중...
2025-08-16 16:54:35,115 - INFO - ✅ USDT 사용 가능 잔고: 6562.00 USDT
2025-08-16 16:54:35,158 - INFO - ✅ 현재 보유 중인 선물 포지션 수: 8개
2025-08-16 16:54:35,158 - INFO - [common_utils.py] get_accounts에서 조회된 포지션 수: 8개
2025-08-16 16:54:35,250 - INFO - ✅ TRXUSDT 포지션이 보유 코인 목록에 추가되었습니다. (수량: 2242.000000, 가치: 793.11USDT)
2025-08-16 16:54:35,345 - INFO - ✅ SOLUSDT 포지션이 보유 코인 목록에 추가되었습니다. (수량: 16.460000, 가치: 3115.88USDT)
2025-08-16 16:54:35,438 - INFO - ✅ ETHUSDT 포지션이 보유 코인 목록에 추가되었습니다. (수량: 0.356000, 가치: 1587.27USDT)
2025-08-16 16:54:35,531 - INFO - ✅ SUIUSDT 포지션이 보유 코인 목록에 추가되었습니다. (수량: 830.700000, 가치: 3097.02USDT)
2025-08-16 16:54:35,624 - INFO - ✅ BNBUSDT 포지션이 보유 코인 목록에 추가되었습니다. (수량: 1.920000, 가치: 1606.21USDT)
2025-08-16 16:54:35,716 - INFO - ✅ DOGEUSDT 포지션이 보유 코인 목록에 추가되었습니다. (수량: 3415.000000, 가치: 797.06USDT)
2025-08-16 16:54:35,807 - INFO - ✅ XRPUSDT 포지션이 보유 코인 목록에 추가되었습니다. (수량: 756.000000, 가치: 2361.37USDT)
2025-08-16 16:54:35,898 - INFO - ✅ ADAUSDT 포지션이 보유 코인 목록에 추가되었습니다. (수량: 829.000000, 가치: 798.82USDT)
2025-08-16 16:54:35,898 - INFO - [common_utils.py] 최종 보유 중인 코인 수: 8개
2025-08-16 16:54:35,901 - INFO - [sell_entry.py] sell_log.csv 주문 상태 확인 및 정리 중...
2025-08-16 16:54:36,253 - INFO - [sell_entry.py] sell_log.csv에 변경사항 없음.
2025-08-16 16:54:36,257 - INFO - [sell_entry.py] 신규/정정 매도 주문이 없습니다. 현재 상태를 유지합니다.
2025-08-16 16:54:36,259 - INFO - [sell_entry.py] 매도 전략 흐름 종료
2025-08-16 16:54:36,259 - INFO - ==================== 사이클 종료, 5초 대기 ====================

